[00:00:08] [Server thread/INFO] [FML]: attachCapabilitiesEvent fired=class net.minecraft.tileentity.TileEntityChest
[00:00:31] [Server thread/INFO] [FML]: attachCapabilitiesEvent fired=class net.minecraft.tileentity.TileEntityChest
[00:00:31] [Server thread/INFO] [FML]: attachCapabilitiesEvent fired=class net.minecraft.tileentity.TileEntityChest
[00:00:31] [Server thread/INFO] [FML]: attachCapabilitiesEvent fired=class net.minecraft.tileentity.TileEntityChest
[00:00:56] [Server thread/INFO] [FML]: attachCapabilitiesEvent fired=class net.minecraft.tileentity.TileEntityChest
[00:01:00] [Server thread/INFO] [FML]: attachCapabilitiesEvent fired=class net.minecraft.tileentity.TileEntityChest
[00:01:00] [Server thread/INFO] [FML]: attachCapabilitiesEvent fired=class net.minecraft.tileentity.TileEntityChest
[00:01:06] [Server thread/INFO] [FML]: attachCapabilitiesEvent fired=class net.minecraft.tileentity.TileEntityChest
[00:01:09] [Server thread/INFO] [FML]: attachCapabilitiesEvent fired=class net.minecraft.tileentity.TileEntityChest
[00:01:09] [Server thread/INFO] [FML]: attachCapabilitiesEvent fired=class net.minecraft.tileentity.TileEntityChest
[00:01:22] [Server thread/INFO] [FML]: attachCapabilitiesEvent fired=class net.minecraft.tileentity.TileEntityChest
[00:01:50] [Server thread/INFO] [FML]: attachCapabilitiesEvent fired=class net.minecraft.tileentity.TileEntityChest
[00:02:22] [Server thread/INFO] [FML]: attachCapabilitiesEvent fired=class net.minecraft.tileentity.TileEntityChest
[00:02:22] [Server thread/INFO] [FML]: attachCapabilitiesEvent fired=class net.minecraft.tileentity.TileEntityChest
[00:02:22] [Server thread/INFO] [FML]: attachCapabilitiesEvent fired=class net.minecraft.tileentity.TileEntityChest
[00:02:38] [Server thread/INFO] [FML]: attachCapabilitiesEvent fired=class net.minecraft.tileentity.TileEntityChest
[00:02:40] [Server thread/INFO] [FML]: attachCapabilitiesEvent fired=class net.minecraft.tileentity.TileEntityChest
[00:02:40] [Server thread/INFO] [FML]: attachCapabilitiesEvent fired=class net.minecraft.tileentity.TileEntityChest
[00:02:40] [Server thread/INFO] [FML]: attachCapabilitiesEvent fired=class net.minecraft.tileentity.TileEntityChest
[00:02:41] [Server thread/INFO] [FML]: attachCapabilitiesEvent fired=class net.minecraft.tileentity.TileEntityChest
[00:02:41] [Server thread/INFO] [FML]: attachCapabilitiesEvent fired=class net.minecraft.tileentity.TileEntityChest
[00:02:44] [Server thread/INFO] [FML]: attachCapabilitiesEvent fired=class net.minecraft.tileentity.TileEntityChest
[00:02:44] [Server thread/INFO] [FML]: attachCapabilitiesEvent fired=class net.minecraft.tileentity.TileEntityChest
[00:02:57] [Server thread/INFO] [FML]: attachCapabilitiesEvent fired=class net.minecraft.tileentity.TileEntityChest
[00:03:09] [Server thread/INFO] [FML]: attachCapabilitiesEvent fired=class net.minecraft.tileentity.TileEntityChest
[00:03:17] [Server thread/INFO] [FML]: attachCapabilitiesEvent fired=class net.minecraft.tileentity.TileEntityChest
[00:03:17] [Server thread/INFO] [FML]: attachCapabilitiesEvent fired=class net.minecraft.tileentity.TileEntityChest
[00:03:18] [Server thread/INFO] [net.minecraft.server.dedicated.DedicatedServer]: Ryuoniha120218 has made the advancement [The Silence of the Forest]
[00:03:21] [Server thread/INFO] [OpenMods]: openblocks.common.PlayerInventoryStore.onPlayerDeath(PlayerInventoryStore.java:304): Storing post-mortem inventory into C:\minecraftserver\1.12.2server\.\world\data\inventory-Realnead9673-2023-02-10_00.03.21-death-0.dat. It can be restored with command '/ob_inventory restore Realnead9673 Realnead9673-2023-02-10_00.03.21-death-0'
[00:03:21] [Server thread/INFO] [net.minecraft.server.dedicated.DedicatedServer]: Realnead9673 fell from a high place
[00:03:21] [Server thread/INFO] [OpenMods]: openblocks.common.PlayerDeathHandler$GraveCallable.tryPlaceGrave(PlayerDeathHandler.java:200): Grave for (069b928b-433b-43ca-aa5a-86e702e5bccd,Realnead9673) was spawned at (BlockPos{x=-158, y=6, z=261}) (player died at (BlockPos{x=-158, y=6, z=261}))
[00:03:25] [Server thread/INFO] [net.minecraft.server.dedicated.DedicatedServer]: [Realnead9673: Teleported Realnead9673 to -157.5, 5.0, 261.5]
[00:03:52] [Server thread/INFO] [net.minecraft.server.dedicated.DedicatedServer]: [Realnead9673: Teleported Realnead9673 to -90.5, 69.0, 256.5]
[00:04:01] [Server thread/INFO] [FML]: attachCapabilitiesEvent fired=class net.minecraft.tileentity.TileEntityChest
[00:04:02] [Server thread/INFO] [FML]: attachCapabilitiesEvent fired=class net.minecraft.tileentity.TileEntityChest
[00:04:02] [Server thread/INFO] [FML]: attachCapabilitiesEvent fired=class net.minecraft.tileentity.TileEntityChest
[00:04:02] [Server thread/INFO] [FML]: attachCapabilitiesEvent fired=class net.minecraft.tileentity.TileEntityChest
[00:04:02] [Server thread/INFO] [FML]: attachCapabilitiesEvent fired=class net.minecraft.tileentity.TileEntityChest
[00:04:02] [Server thread/INFO] [FML]: attachCapabilitiesEvent fired=class net.minecraft.tileentity.TileEntityChest
[00:04:02] [Server thread/INFO] [FML]: attachCapabilitiesEvent fired=class net.minecraft.tileentity.TileEntityChest
[00:04:02] [Server thread/INFO] [FML]: attachCapabilitiesEvent fired=class net.minecraft.tileentity.TileEntityChest
[00:04:02] [Server thread/INFO] [FML]: attachCapabilitiesEvent fired=class net.minecraft.tileentity.TileEntityChest
[00:04:02] [Server thread/WARN] [net.minecraft.network.NetHandlerPlayServer]: Realnead9673 moved too quickly! -2.3664022753292784,-33.1212968405392,24.452900839062693
[00:04:02] [Server thread/INFO] [FML]: attachCapabilitiesEvent fired=class net.minecraft.tileentity.TileEntityChest
[00:04:02] [Server thread/INFO] [FML]: attachCapabilitiesEvent fired=class net.minecraft.tileentity.TileEntityChest
[00:04:02] [Server thread/INFO] [FML]: attachCapabilitiesEvent fired=class net.minecraft.tileentity.TileEntityChest
[00:04:02] [Server thread/INFO] [FML]: attachCapabilitiesEvent fired=class net.minecraft.tileentity.TileEntityChest
[00:04:02] [Server thread/INFO] [FML]: attachCapabilitiesEvent fired=class net.minecraft.tileentity.TileEntityChest
[00:04:02] [Server thread/INFO] [FML]: attachCapabilitiesEvent fired=class net.minecraft.tileentity.TileEntityChest
[00:04:02] [Server thread/INFO] [FML]: attachCapabilitiesEvent fired=class net.minecraft.tileentity.TileEntityChest
[00:04:02] [Server thread/INFO] [FML]: attachCapabilitiesEvent fired=class net.minecraft.tileentity.TileEntityChest
[00:04:02] [Server thread/INFO] [FML]: attachCapabilitiesEvent fired=class net.minecraft.tileentity.TileEntityChest
[00:04:02] [Server thread/INFO] [FML]: attachCapabilitiesEvent fired=class net.minecraft.tileentity.TileEntityChest
[00:04:02] [Server thread/INFO] [FML]: attachCapabilitiesEvent fired=class net.minecraft.tileentity.TileEntityChest
[00:04:02] [Server thread/INFO] [FML]: attachCapabilitiesEvent fired=class net.minecraft.tileentity.TileEntityChest
[00:04:02] [Server thread/INFO] [FML]: attachCapabilitiesEvent fired=class net.minecraft.tileentity.TileEntityChest
[00:04:02] [Server thread/INFO] [FML]: attachCapabilitiesEvent fired=class net.minecraft.tileentity.TileEntityChest
[00:04:02] [Server thread/INFO] [FML]: attachCapabilitiesEvent fired=class net.minecraft.tileentity.TileEntityChest
[00:04:47] [Server thread/INFO] [net.minecraft.server.dedicated.DedicatedServer]: [Realnead9673: Teleported Realnead9673 to Ryuoniha120218]
[00:04:51] [Server thread/INFO] [net.minecraft.server.dedicated.DedicatedServer]: [Realnead9673: Teleported Realnead9673 to -102.5, 31.0, 285.5]
[00:04:51] [Server thread/INFO] [FML]: attachCapabilitiesEvent fired=class net.minecraft.tileentity.TileEntityChest
[00:04:51] [Server thread/INFO] [FML]: attachCapabilitiesEvent fired=class net.minecraft.tileentity.TileEntityChest
[00:04:51] [Server thread/INFO] [FML]: attachCapabilitiesEvent fired=class net.minecraft.tileentity.TileEntityChest
[00:04:51] [Server thread/INFO] [FML]: attachCapabilitiesEvent fired=class net.minecraft.tileentity.TileEntityChest
[00:04:51] [Server thread/INFO] [FML]: attachCapabilitiesEvent fired=class net.minecraft.tileentity.TileEntityChest
[00:04:51] [Server thread/INFO] [FML]: attachCapabilitiesEvent fired=class net.minecraft.tileentity.TileEntityChest
[00:04:51] [Server thread/INFO] [FML]: attachCapabilitiesEvent fired=class net.minecraft.tileentity.TileEntityChest
[00:04:51] [Server thread/INFO] [FML]: attachCapabilitiesEvent fired=class net.minecraft.tileentity.TileEntityChest
[00:04:51] [Server thread/INFO] [FML]: attachCapabilitiesEvent fired=class net.minecraft.tileentity.TileEntityChest
[00:04:51] [Server thread/INFO] [FML]: attachCapabilitiesEvent fired=class net.minecraft.tileentity.TileEntityChest
[00:04:51] [Server thread/INFO] [FML]: attachCapabilitiesEvent fired=class net.minecraft.tileentity.TileEntityChest
[00:04:51] [Server thread/INFO] [FML]: attachCapabilitiesEvent fired=class net.minecraft.tileentity.TileEntityChest
[00:04:51] [Server thread/INFO] [FML]: attachCapabilitiesEvent fired=class net.minecraft.tileentity.TileEntityChest
[00:04:51] [Server thread/INFO] [FML]: attachCapabilitiesEvent fired=class net.minecraft.tileentity.TileEntityChest
[00:04:51] [Server thread/INFO] [FML]: attachCapabilitiesEvent fired=class net.minecraft.tileentity.TileEntityChest
[00:04:51] [Server thread/INFO] [FML]: attachCapabilitiesEvent fired=class net.minecraft.tileentity.TileEntityChest
[00:04:51] [Server thread/INFO] [FML]: attachCapabilitiesEvent fired=class net.minecraft.tileentity.TileEntityChest
[00:04:51] [Server thread/INFO] [FML]: attachCapabilitiesEvent fired=class net.minecraft.tileentity.TileEntityChest
[00:04:51] [Server thread/INFO] [FML]: attachCapabilitiesEvent fired=class net.minecraft.tileentity.TileEntityChest
[00:04:51] [Server thread/INFO] [FML]: attachCapabilitiesEvent fired=class net.minecraft.tileentity.TileEntityChest
[00:04:51] [Server thread/INFO] [FML]: attachCapabilitiesEvent fired=class net.minecraft.tileentity.TileEntityChest
[00:04:51] [Server thread/INFO] [FML]: attachCapabilitiesEvent fired=class net.minecraft.tileentity.TileEntityChest
[00:04:51] [Server thread/INFO] [FML]: attachCapabilitiesEvent fired=class net.minecraft.tileentity.TileEntityChest
[00:04:51] [Server thread/INFO] [FML]: attachCapabilitiesEvent fired=class net.minecraft.tileentity.TileEntityChest
[00:04:58] [Server thread/INFO] [net.minecraft.server.dedicated.DedicatedServer]: [Realnead9673: Teleported Ryuoniha120218 to Realnead9673]
[00:05:00] [Server thread/INFO] [FML]: attachCapabilitiesEvent fired=class net.minecraft.tileentity.TileEntityChest
[00:05:00] [Server thread/INFO] [FML]: attachCapabilitiesEvent fired=class net.minecraft.tileentity.TileEntityChest
[00:05:01] [Server thread/WARN] [net.minecraft.network.NetHandlerPlayServer]: Realnead9673 moved too quickly! 2.0873647204317365,33.0,-23.587291955539172
[00:05:10] [Server thread/INFO] [FML]: attachCapabilitiesEvent fired=class net.minecraft.tileentity.TileEntityChest
[00:05:10] [Server thread/INFO] [FML]: attachCapabilitiesEvent fired=class net.minecraft.tileentity.TileEntityChest
[00:05:10] [Server thread/INFO] [FML]: attachCapabilitiesEvent fired=class net.minecraft.tileentity.TileEntityChest
[00:05:10] [Server thread/WARN] [net.minecraft.network.NetHandlerPlayServer]: Realnead9673 moved too quickly! -3.1454500838062387,-33.0,25.172737394234673
[00:06:02] [Server thread/INFO] [FML]: attachCapabilitiesEvent fired=class net.minecraft.tileentity.TileEntityChest
[00:06:02] [Server thread/INFO] [FML]: attachCapabilitiesEvent fired=class net.minecraft.tileentity.TileEntityChest
[00:06:03] [Server thread/WARN] [net.minecraft.network.NetHandlerPlayServer]: Realnead9673 moved too quickly! 0.09583197613038408,33.0,-24.711002070604536
[00:06:18] [Server thread/INFO] [FML]: attachCapabilitiesEvent fired=class net.minecraft.tileentity.TileEntityChest
[00:06:18] [Server thread/INFO] [FML]: attachCapabilitiesEvent fired=class net.minecraft.tileentity.TileEntityChest
[00:06:21] [Server thread/INFO] [FML]: Unloading dimension 7
[00:07:48] [Server thread/INFO] [FML]: Loading dimension 7 (world) (net.minecraft.server.dedicated.DedicatedServer@272d73aa)
[00:07:48] [Server thread/INFO] [FML]: attachCapabilitiesEvent fired=class net.minecraft.tileentity.TileEntityChest
[00:07:48] [Server thread/INFO] [FML]: attachCapabilitiesEvent fired=class net.minecraft.tileentity.TileEntityChest
[00:07:48] [Server thread/INFO] [FML]: attachCapabilitiesEvent fired=class net.minecraft.tileentity.TileEntityChest
[00:07:48] [Server thread/INFO] [FML]: attachCapabilitiesEvent fired=class net.minecraft.tileentity.TileEntityChest
[00:07:48] [Server thread/INFO] [FML]: attachCapabilitiesEvent fired=class net.minecraft.tileentity.TileEntityChest
[00:07:48] [Server thread/INFO] [FML]: attachCapabilitiesEvent fired=class net.minecraft.tileentity.TileEntityChest
[00:07:48] [Server thread/INFO] [FML]: attachCapabilitiesEvent fired=class net.minecraft.tileentity.TileEntityChest
[00:07:49] [Server thread/INFO] [FML]: attachCapabilitiesEvent fired=class net.minecraft.tileentity.TileEntityChest
[00:07:49] [Server thread/INFO] [FML]: attachCapabilitiesEvent fired=class net.minecraft.tileentity.TileEntityChest
[00:07:49] [Server thread/INFO] [FML]: attachCapabilitiesEvent fired=class net.minecraft.tileentity.TileEntityChest
[00:07:49] [Server thread/WARN] [net.minecraft.network.NetHandlerPlayServer]: Realnead9673 moved too quickly! -2.5214774570173404,-33.1212968405392,25.492518741078584
[00:07:49] [Server thread/INFO] [FML]: attachCapabilitiesEvent fired=class net.minecraft.tileentity.TileEntityChest
[00:07:49] [Server thread/INFO] [FML]: attachCapabilitiesEvent fired=class net.minecraft.tileentity.TileEntityChest
[00:07:49] [Server thread/INFO] [FML]: attachCapabilitiesEvent fired=class net.minecraft.tileentity.TileEntityChest
[00:07:49] [Server thread/INFO] [FML]: attachCapabilitiesEvent fired=class net.minecraft.tileentity.TileEntityChest
[00:07:49] [Server thread/INFO] [FML]: attachCapabilitiesEvent fired=class net.minecraft.tileentity.TileEntityChest
[00:07:49] [Server thread/INFO] [FML]: attachCapabilitiesEvent fired=class net.minecraft.tileentity.TileEntityChest
[00:07:49] [Server thread/INFO] [FML]: attachCapabilitiesEvent fired=class net.minecraft.tileentity.TileEntityChest
[00:07:49] [Server thread/INFO] [FML]: attachCapabilitiesEvent fired=class net.minecraft.tileentity.TileEntityChest
[00:07:49] [Server thread/INFO] [FML]: attachCapabilitiesEvent fired=class net.minecraft.tileentity.TileEntityChest
[00:07:49] [Server thread/INFO] [FML]: attachCapabilitiesEvent fired=class net.minecraft.tileentity.TileEntityChest
[00:07:49] [Server thread/INFO] [FML]: attachCapabilitiesEvent fired=class net.minecraft.tileentity.TileEntityChest
[00:07:49] [Server thread/INFO] [FML]: attachCapabilitiesEvent fired=class net.minecraft.tileentity.TileEntityChest
[00:07:49] [Server thread/INFO] [FML]: attachCapabilitiesEvent fired=class net.minecraft.tileentity.TileEntityChest
[00:07:49] [Server thread/INFO] [FML]: attachCapabilitiesEvent fired=class net.minecraft.tileentity.TileEntityChest
[00:07:49] [Server thread/INFO] [FML]: attachCapabilitiesEvent fired=class net.minecraft.tileentity.TileEntityChest
[00:07:49] [Server thread/INFO] [FML]: attachCapabilitiesEvent fired=class net.minecraft.tileentity.TileEntityChest
[00:07:49] [Server thread/INFO] [FML]: attachCapabilitiesEvent fired=class net.minecraft.tileentity.TileEntityChest
[00:07:49] [Server thread/INFO] [FML]: attachCapabilitiesEvent fired=class net.minecraft.tileentity.TileEntityChest
[00:07:49] [Server thread/INFO] [FML]: attachCapabilitiesEvent fired=class net.minecraft.tileentity.TileEntityChest
[00:07:49] [Server thread/INFO] [FML]: attachCapabilitiesEvent fired=class net.minecraft.tileentity.TileEntityChest
[00:07:49] [Server thread/INFO] [FML]: attachCapabilitiesEvent fired=class net.minecraft.tileentity.TileEntityChest
[00:07:57] [Server thread/INFO] [FML]: attachCapabilitiesEvent fired=class net.minecraft.tileentity.TileEntityChest
[00:07:57] [Server thread/INFO] [FML]: attachCapabilitiesEvent fired=class net.minecraft.tileentity.TileEntityChest
[00:07:57] [Server thread/WARN] [net.minecraft.network.NetHandlerPlayServer]: Realnead9673 moved too quickly! 2.012034270197688,33.0,-26.14119176317638
[00:07:58] [Server thread/INFO] [net.minecraft.network.NetHandlerPlayServer]: Realnead9673 lost connection: Disconnected
[00:07:58] [Server thread/INFO] [net.minecraft.server.dedicated.DedicatedServer]: Realnead9673 left the game
[00:08:36] [Server thread/INFO] [FML]: Unloading dimension 7
[00:08:38] [Server thread/INFO] [net.minecraft.network.NetHandlerPlayServer]: NatunoMETEOR lost connection: Disconnected
[00:08:38] [Server thread/INFO] [net.minecraft.server.dedicated.DedicatedServer]: NatunoMETEOR left the game
[00:09:51] [Server thread/INFO] [net.minecraft.network.NetHandlerPlayServer]: Ryuoniha120218 lost connection: Disconnected
[00:09:51] [Server thread/INFO] [net.minecraft.server.dedicated.DedicatedServer]: Ryuoniha120218 left the game
[00:09:54] [Server thread/INFO] [net.minecraft.server.dedicated.DedicatedServer]: Stopping the server
[00:09:54] [Server thread/INFO] [net.minecraft.server.MinecraftServer]: Stopping server
[00:09:54] [Server thread/INFO] [net.minecraft.server.MinecraftServer]: Saving players
[00:09:54] [Server thread/INFO] [net.minecraft.server.MinecraftServer]: Saving worlds
[00:09:54] [Server thread/INFO] [net.minecraft.server.MinecraftServer]: Saving chunks for level 'world'/overworld
[00:09:54] [Server thread/INFO] [FML]: Unloading dimension 0
[00:09:54] [Server Shutdown Thread/INFO] [net.minecraft.server.MinecraftServer]: Stopping server
[00:09:54] [Server Shutdown Thread/INFO] [net.minecraft.server.MinecraftServer]: Saving players
[00:09:54] [Server Shutdown Thread/INFO] [net.minecraft.server.MinecraftServer]: Saving worlds
