[14:30:57] [ServerMain/INFO]: Building unoptimized datafixer
[14:30:57] [ServerMain/INFO]: Environment: authHost='https://authserver.mojang.com', accountsHost='https://api.mojang.com', sessionHost='https://sessionserver.mojang.com', servicesHost='https://api.minecraftservices.com', name='PROD'
[14:30:59] [ServerMain/INFO]: Loaded 7 recipes
[14:30:59] [ServerMain/INFO]: Loaded 1179 advancements
[14:31:00] [Server thread/INFO]: Starting minecraft server version 1.19.1
[14:31:00] [Server thread/INFO]: Loading properties
[14:31:00] [Server thread/INFO]: Default game type: SURVIVAL
[14:31:00] [Server thread/INFO]: Generating keypair
[14:31:00] [Server console handler/ERROR]: Exception handling console input
java.io.IOException: ÉnÉìÉhÉãÇ™ñ≥å¯Ç≈Ç∑ÅB
	at java.io.FileInputStream.readBytes(Native Method) ~[?:?]
	at java.io.FileInputStream.read(FileInputStream.java:276) ~[?:?]
	at java.io.BufferedInputStream.read1(BufferedInputStream.java:282) ~[?:?]
	at java.io.BufferedInputStream.read(BufferedInputStream.java:343) ~[?:?]
	at sun.nio.cs.StreamDecoder.readBytes(StreamDecoder.java:270) ~[?:?]
	at sun.nio.cs.StreamDecoder.implRead(StreamDecoder.java:313) ~[?:?]
	at sun.nio.cs.StreamDecoder.read(StreamDecoder.java:188) ~[?:?]
	at java.io.InputStreamReader.read(InputStreamReader.java:177) ~[?:?]
	at java.io.BufferedReader.fill(BufferedReader.java:162) ~[?:?]
	at java.io.BufferedReader.readLine(BufferedReader.java:329) ~[?:?]
	at java.io.BufferedReader.readLine(BufferedReader.java:396) ~[?:?]
	at afh$1.run(SourceFile:92) [server-1.19.1.jar:?]
[14:31:00] [Server thread/INFO]: Starting Minecraft server on *:25565
[14:31:00] [Server thread/INFO]: Using default channel type
[14:31:00] [Server thread/INFO]: Preparing level "world"
[14:31:00] [Server thread/INFO]: Preparing start region for dimension minecraft:overworld
[14:31:02] [Worker-Main-4/INFO]: Preparing spawn area: 0%
[14:31:02] [Worker-Main-4/INFO]: Preparing spawn area: 0%
[14:31:02] [Worker-Main-4/INFO]: Preparing spawn area: 0%
[14:31:02] [Worker-Main-4/INFO]: Preparing spawn area: 0%
[14:31:02] [Worker-Main-4/INFO]: Preparing spawn area: 0%
[14:31:03] [Worker-Main-5/INFO]: Preparing spawn area: 0%
[14:31:03] [Worker-Main-13/INFO]: Preparing spawn area: 33%
[14:31:04] [Server thread/INFO]: Time elapsed: 3330 ms
[14:31:04] [Server thread/INFO]: Done (3.463s)! For help, type "help"
[14:33:47] [User Authenticator #1/INFO]: UUID of player Realnead9673 is 069b928b-433b-43ca-aa5a-86e702e5bccd
[14:33:47] [Server thread/INFO]: Realnead9673[/127.0.0.1:50063] logged in with entity id 234 at (390.25507450467614, 71.0, 444.8725044871644)
[14:33:47] [Server thread/INFO]: Realnead9673 joined the game
[14:41:00] [Server thread/INFO]: Realnead9673 lost connection: Disconnected
[14:41:00] [Server thread/INFO]: Realnead9673 left the game
[14:41:13] [Server thread/INFO]: Stopping the server
[14:41:13] [Server thread/INFO]: Stopping server
[14:41:13] [Server thread/INFO]: Saving players
[14:41:13] [Server thread/INFO]: Saving worlds
[14:41:14] [Server thread/INFO]: Saving chunks for level 'ServerLevel[world]'/minecraft:overworld
[14:41:14] [Server thread/INFO]: Saving chunks for level 'ServerLevel[world]'/minecraft:the_end
[14:41:14] [Server thread/INFO]: Saving chunks for level 'ServerLevel[world]'/minecraft:the_nether
[14:41:14] [Server thread/INFO]: ThreadedAnvilChunkStorage (world): All chunks are saved
[14:41:14] [Server thread/INFO]: ThreadedAnvilChunkStorage (DIM1): All chunks are saved
[14:41:14] [Server thread/INFO]: ThreadedAnvilChunkStorage (DIM-1): All chunks are saved
[14:41:14] [Server thread/INFO]: ThreadedAnvilChunkStorage: All dimensions are saved
