[23:06:18] [Server thread/INFO]: Starting minecraft server version 1.8
[23:06:18] [Server console handler/ERROR]: Exception handling console input
java.io.IOException: ハンドルが無効です。
	at java.io.FileInputStream.readBytes(Native Method) ~[?:1.8.0_341]
	at java.io.FileInputStream.read(Unknown Source) ~[?:1.8.0_341]
	at java.io.BufferedInputStream.read1(Unknown Source) ~[?:1.8.0_341]
	at java.io.BufferedInputStream.read(Unknown Source) ~[?:1.8.0_341]
	at sun.nio.cs.StreamDecoder.readBytes(Unknown Source) ~[?:1.8.0_341]
	at sun.nio.cs.StreamDecoder.implRead(Unknown Source) ~[?:1.8.0_341]
	at sun.nio.cs.StreamDecoder.read(Unknown Source) ~[?:1.8.0_341]
	at java.io.InputStreamReader.read(Unknown Source) ~[?:1.8.0_341]
	at java.io.BufferedReader.fill(Unknown Source) ~[?:1.8.0_341]
	at java.io.BufferedReader.readLine(Unknown Source) ~[?:1.8.0_341]
	at java.io.BufferedReader.readLine(Unknown Source) ~[?:1.8.0_341]
	at pq.run(SourceFile:80) [server.jar:?]
[23:06:18] [Server thread/WARN]: To start the server with more ram, launch it as "java -Xmx1024M -Xms1024M -jar minecraft_server.jar"
[23:06:18] [Server thread/INFO]: Loading properties
[23:06:18] [Server thread/INFO]: Default game type: SURVIVAL
[23:06:18] [Server thread/INFO]: Generating keypair
[23:06:19] [Server thread/INFO]: Starting Minecraft server on *:25565
[23:06:20] [Server thread/INFO]: Preparing level "world"
[23:06:20] [Server thread/INFO]: Preparing start region for level 0
[23:06:21] [Server thread/INFO]: Done (0.730s)! For help, type "help" or "?"
[23:06:22] [User Authenticator #1/INFO]: UUID of player Ninzin_sanji is 34a4e063-ac20-451a-afc1-bc5b0ca615f3
[23:06:22] [Server thread/INFO]: Ninzin_sanji[/25.38.34.145:50616] logged in with entity id 299 at (215.5, 66.0, -100.5)
[23:06:22] [Server thread/INFO]: Ninzin_sanji joined the game
[23:07:08] [User Authenticator #2/INFO]: UUID of player Realnead9673 is 069b928b-433b-43ca-aa5a-86e702e5bccd
[23:07:08] [Server thread/INFO]: Realnead9673[/127.0.0.1:61728] logged in with entity id 1819 at (215.5, 65.0, -95.5)
[23:07:08] [Server thread/INFO]: Realnead9673 joined the game
[23:07:14] [Server thread/INFO]: Realnead9673 has just earned the achievement [Taking Inventory]
[23:07:17] [User Authenticator #3/INFO]: UUID of player NatunoMETEOR is f6262a80-1687-453e-a605-6bd5e174ac87
[23:07:17] [Server thread/INFO]: NatunoMETEOR[/25.12.163.51:55580] logged in with entity id 2063 at (211.5, 66.0, -100.5)
[23:07:17] [Server thread/INFO]: NatunoMETEOR joined the game
[23:07:24] [User Authenticator #4/INFO]: UUID of player oiipyy is 19f73a3f-7296-46b5-8bdb-cb9b77e8624a
[23:07:24] [Server thread/INFO]: oiipyy[/25.20.125.8:52173] logged in with entity id 2382 at (212.5, 66.0, -100.5)
[23:07:24] [Server thread/INFO]: oiipyy joined the game
[23:07:28] [Server thread/INFO]: [@] アスタルテ「はじめまして。旅人さん。」
[23:07:28] [Server thread/INFO]: [@: Set oiipyy's game mode to Adventure Mode]
[23:07:28] [Server thread/INFO]: [@: Set Ninzin_sanji's game mode to Adventure Mode]
[23:07:28] [Server thread/INFO]: [@: Set NatunoMETEOR's game mode to Adventure Mode]
[23:07:28] [Server thread/INFO]: [@: Set Realnead9673's game mode to Adventure Mode]
[23:07:29] [User Authenticator #5/INFO]: UUID of player BuRiBuRiNasuo is 8ae6d713-3d57-48f5-830c-0899573c259f
[23:07:29] [Server thread/INFO]: BuRiBuRiNasuo[/25.12.36.82:61088] logged in with entity id 2568 at (219.5, 66.0, -83.5)
[23:07:29] [Server thread/INFO]: BuRiBuRiNasuo joined the game
[23:07:32] [Server thread/INFO]: [@] アスタルテ「私の名前はアスタルテ。次元の狭間を彷徨っていたあなたをここに導いた天使よ。」
[23:07:39] [Server thread/INFO]: [@] アスタルテ「いきなりで悪いんだけど、宝箱の中の本を開いてもらえるかしら？」
[23:07:48] [User Authenticator #6/INFO]: UUID of player Ryuoniha120218 is d2acf408-503e-43d2-8b23-383064c27e9e
[23:07:48] [Server thread/INFO]: Ryuoniha120218[/25.12.131.59:55740] logged in with entity id 2830 at (210.5, 67.0, -91.5)
[23:07:48] [Server thread/INFO]: Ryuoniha120218 joined the game
[23:08:49] [Server thread/INFO]: [Realnead9673: Set own game mode to Creative Mode]
[23:09:04] [Server thread/INFO]: Ninzin_sanji has just earned the achievement [Taking Inventory]
[23:09:08] [Server thread/INFO]: [Realnead9673: Set own game mode to Adventure Mode]
[23:09:08] [Server thread/INFO]: [Realnead9673: Set NatunoMETEOR's game mode to Adventure Mode]
[23:09:08] [Server thread/INFO]: [Realnead9673: Set oiipyy's game mode to Adventure Mode]
[23:09:08] [Server thread/INFO]: [Realnead9673: Set BuRiBuRiNasuo's game mode to Adventure Mode]
[23:09:08] [Server thread/INFO]: [Realnead9673: Set Ninzin_sanji's game mode to Adventure Mode]
[23:09:08] [Server thread/INFO]: [Realnead9673: Set Ryuoniha120218's game mode to Adventure Mode]
[23:09:28] [Server thread/INFO]: Ryuoniha120218 has just earned the achievement [Taking Inventory]
[23:10:20] [Server thread/INFO]: [Realnead9673: Set own game mode to Creative Mode]
[23:10:41] [Server thread/INFO]: oiipyy has just earned the achievement [Taking Inventory]
[23:10:43] [Server thread/INFO]: Ryuoniha120218 was slain by Zombie Pigman
[23:10:44] [Server thread/INFO]: Ninzin_sanji was slain by Zombie Pigman
[23:10:53] [Server thread/INFO]: BuRiBuRiNasuo was slain by Zombie Pigman
[23:11:11] [Server thread/INFO]: <NatunoMETEOR> w
[23:11:12] [Server thread/INFO]: [@] アスタルテ「ここは、大災害が起こってしまった世界。」
[23:11:17] [Server thread/INFO]: [@] アスタルテ「空を黒雲が覆い、町には炎が降り注ぎ、モンスターが蔓延る世界になってしまった。」
[23:11:22] [Server thread/INFO]: [@] アスタルテ「悔しいけど、私はこの世界を救うことができなかった・・・」
[23:11:27] [Server thread/INFO]: BuRiBuRiNasuo tried to swim in lava
[23:11:33] [Server thread/INFO]: [@] アスタルテ「・・・奥にワープゲートがあるわ。ここを出ましょう。」
[23:12:15] [Server thread/INFO]: [Realnead9673: Teleported Realnead9673 to NatunoMETEOR]
[23:12:26] [Server thread/INFO]: Ryuoniha120218 drowned
[23:12:39] [Server thread/INFO]: Realnead9673 fell out of the world
[23:12:39] [Server thread/INFO]: [Realnead9673: Killed Realnead9673]
[23:12:46] [Server thread/INFO]: BuRiBuRiNasuo was burnt to a crisp whilst fighting Zombie Pigman
[23:13:14] [Server thread/INFO]: Ryuoniha120218 was slain by Zombie Pigman
[23:13:35] [Server thread/INFO]: Ryuoniha120218 fell out of the world
[23:13:35] [Server thread/INFO]: [NatunoMETEOR: Killed Ryuoniha120218]
[23:13:46] [Server thread/INFO]: <NatunoMETEOR> w
[23:17:12] [Server thread/WARN]: Can't keep up! Did the system time change, or is the server overloaded? Running 3300ms behind, skipping 66 tick(s)
[23:17:12] [Server thread/INFO]: Realnead9673 fell out of the world
[23:17:12] [Server thread/INFO]: [Realnead9673: Killed Realnead9673]
[23:17:12] [Server thread/INFO]: [Realnead9673: Killed Magma Cube]
[23:17:12] [Server thread/INFO]: [Realnead9673: Killed Zombie Pigman]
[23:17:12] [Server thread/INFO]: [Realnead9673: Killed Zombie Pigman]
[23:17:12] [Server thread/INFO]: [Realnead9673: Killed Zombie Pigman]
[23:17:12] [Server thread/INFO]: [Realnead9673: Killed Zombie Pigman]
[23:17:12] [Server thread/INFO]: [Realnead9673: Killed Zombie Pigman]
[23:17:12] [Server thread/INFO]: [Realnead9673: Killed Zombie Pigman]
[23:17:12] [Server thread/INFO]: [Realnead9673: Killed Zombie Pigman]
[23:17:12] [Server thread/INFO]: [Realnead9673: Killed Zombie Pigman]
[23:17:12] [Server thread/INFO]: [Realnead9673: Killed Zombie Pigman]
[23:17:12] [Server thread/INFO]: [Realnead9673: Killed Zombie Pigman]
[23:17:12] [Server thread/INFO]: [Realnead9673: Killed Zombie Pigman]
[23:17:12] [Server thread/INFO]: [Realnead9673: Killed Zombie Pigman]
[23:17:12] [Server thread/INFO]: [Realnead9673: Killed Zombie Pigman]
[23:17:12] [Server thread/INFO]: [Realnead9673: Killed Zombie Pigman]
[23:17:12] [Server thread/INFO]: [Realnead9673: Killed Zombie Pigman]
[23:17:12] [Server thread/INFO]: [Realnead9673: Killed Zombie Pigman]
[23:17:12] [Server thread/INFO]: [Realnead9673: Killed Zombie Pigman]
[23:17:12] [Server thread/INFO]: [Realnead9673: Killed Zombie Pigman]
[23:17:12] [Server thread/INFO]: [Realnead9673: Killed Zombie Pigman]
[23:17:12] [Server thread/INFO]: [Realnead9673: Killed Zombie Pigman]
[23:17:12] [Server thread/INFO]: [Realnead9673: Killed Zombie Pigman]
[23:17:12] [Server thread/INFO]: [Realnead9673: Killed Zombie Pigman]
[23:17:12] [Server thread/INFO]: [Realnead9673: Killed Zombie Pigman]
[23:17:12] [Server thread/INFO]: [Realnead9673: Killed Zombie Pigman]
[23:17:12] [Server thread/INFO]: [Realnead9673: Killed Zombie Pigman]
[23:17:12] [Server thread/INFO]: [Realnead9673: Killed Zombie Pigman]
[23:17:12] [Server thread/INFO]: [Realnead9673: Killed Zombie Pigman]
[23:17:12] [Server thread/INFO]: [Realnead9673: Killed Zombie Pigman]
[23:17:12] [Server thread/INFO]: [Realnead9673: Killed Zombie Pigman]
[23:17:12] [Server thread/INFO]: [Realnead9673: Killed Zombie Pigman]
[23:17:12] [Server thread/INFO]: [Realnead9673: Killed Zombie Pigman]
[23:17:12] [Server thread/INFO]: [Realnead9673: Killed Zombie Pigman]
[23:17:12] [Server thread/INFO]: [Realnead9673: Killed Zombie Pigman]
[23:17:12] [Server thread/INFO]: [Realnead9673: Killed Zombie Pigman]
[23:17:12] [Server thread/INFO]: [Realnead9673: Killed Zombie Pigman]
[23:17:12] [Server thread/INFO]: [Realnead9673: Killed Zombie Pigman]
[23:17:12] [Server thread/INFO]: [Realnead9673: Killed Zombie Pigman]
[23:17:12] [Server thread/INFO]: [Realnead9673: Killed Zombie Pigman]
[23:17:12] [Server thread/INFO]: [Realnead9673: Killed Zombie Pigman]
[23:17:12] [Server thread/INFO]: [Realnead9673: Killed Zombie Pigman]
[23:17:12] [Server thread/INFO]: [Realnead9673: Killed Zombie Pigman]
[23:17:12] [Server thread/INFO]: [Realnead9673: Killed Zombie Pigman]
[23:17:12] [Server thread/INFO]: [Realnead9673: Killed Zombie Pigman]
[23:17:12] [Server thread/INFO]: [Realnead9673: Killed Zombie Pigman]
[23:17:12] [Server thread/INFO]: [Realnead9673: Killed Zombie Pigman]
[23:17:12] [Server thread/INFO]: [Realnead9673: Killed Zombie Pigman]
[23:17:12] [Server thread/INFO]: [Realnead9673: Killed Zombie Pigman]
[23:17:12] [Server thread/INFO]: [Realnead9673: Killed Zombie Pigman]
[23:17:12] [Server thread/INFO]: [Realnead9673: Killed Zombie Pigman]
[23:17:12] [Server thread/INFO]: [Realnead9673: Killed Zombie Pigman]
[23:17:12] [Server thread/INFO]: [Realnead9673: Killed Zombie Pigman]
[23:17:12] [Server thread/INFO]: [Realnead9673: Killed Zombie Pigman]
[23:17:12] [Server thread/INFO]: [Realnead9673: Killed Squid]
[23:17:12] [Server thread/INFO]: [Realnead9673: Killed Zombie Pigman]
[23:17:12] [Server thread/INFO]: [Realnead9673: Killed Zombie Pigman]
[23:17:12] [Server thread/INFO]: [Realnead9673: Killed Zombie Pigman]
[23:17:12] [Server thread/INFO]: [Realnead9673: Killed Zombie Pigman]
[23:17:12] [Server thread/INFO]: [Realnead9673: Killed Squid]
[23:17:12] [Server thread/INFO]: [Realnead9673: Killed Zombie Pigman]
[23:17:12] [Server thread/INFO]: [Realnead9673: Killed Squid]
[23:17:12] [Server thread/INFO]: [Realnead9673: Killed Zombie Pigman]
[23:17:12] [Server thread/INFO]: [Realnead9673: Killed Squid]
[23:17:12] [Server thread/INFO]: [Realnead9673: Killed Zombie Pigman]
[23:17:12] [Server thread/INFO]: [Realnead9673: Killed Zombie Pigman]
[23:17:12] [Server thread/INFO]: [Realnead9673: Killed Zombie Pigman]
[23:17:12] [Server thread/INFO]: [Realnead9673: Killed Zombie Pigman]
[23:17:12] [Server thread/INFO]: [Realnead9673: Killed Zombie Pigman]
[23:17:12] [Server thread/INFO]: [Realnead9673: Killed Zombie Pigman]
[23:17:12] [Server thread/INFO]: oiipyy fell out of the world
[23:17:12] [Server thread/INFO]: [Realnead9673: Killed oiipyy]
[23:17:12] [Server thread/INFO]: [Realnead9673: Killed Zombie Pigman]
[23:17:12] [Server thread/INFO]: [Realnead9673: Killed Iron Golem]
[23:17:12] [Server thread/INFO]: [Realnead9673: Killed Zombie Pigman]
[23:17:12] [Server thread/INFO]: [Realnead9673: Killed Zombie Pigman]
[23:17:12] [Server thread/INFO]: [Realnead9673: Killed Zombie Pigman]
[23:17:12] [Server thread/INFO]: [Realnead9673: Killed Zombie Pigman]
[23:17:12] [Server thread/INFO]: [Realnead9673: Killed Zombie Pigman]
[23:17:12] [Server thread/INFO]: [Realnead9673: Killed Zombie Pigman]
[23:17:12] [Server thread/INFO]: [Realnead9673: Killed Squid]
[23:17:12] [Server thread/INFO]: [Realnead9673: Killed Zombie Pigman]
[23:17:12] [Server thread/INFO]: [Realnead9673: Killed Squid]
[23:17:12] [Server thread/INFO]: [Realnead9673: Killed Zombie Pigman]
[23:17:12] [Server thread/INFO]: [Realnead9673: Killed Zombie Pigman]
[23:17:12] [Server thread/INFO]: Ryuoniha120218 fell out of the world
[23:17:12] [Server thread/INFO]: [Realnead9673: Killed Ryuoniha120218]
[23:17:12] [Server thread/INFO]: [Realnead9673: Killed Zombie Pigman]
[23:17:12] [Server thread/INFO]: [Realnead9673: Killed Zombie Pigman]
[23:17:12] [Server thread/INFO]: [Realnead9673: Killed Zombie Pigman]
[23:17:12] [Server thread/INFO]: [Realnead9673: Killed Zombie Pigman]
[23:17:12] [Server thread/INFO]: [Realnead9673: Killed Squid]
[23:17:12] [Server thread/INFO]: [Realnead9673: Killed Squid]
[23:17:12] [Server thread/INFO]: [Realnead9673: Killed Squid]
[23:17:12] [Server thread/INFO]: [Realnead9673: Killed Squid]
[23:17:12] [Server thread/INFO]: [Realnead9673: Killed Squid]
[23:17:12] [Server thread/INFO]: [Realnead9673: Killed Squid]
[23:17:12] [Server thread/INFO]: [Realnead9673: Killed Squid]
[23:17:12] [Server thread/INFO]: [Realnead9673: Killed Zombie Pigman]
[23:17:12] [Server thread/INFO]: [Realnead9673: Killed Zombie Pigman]
[23:17:12] [Server thread/INFO]: [Realnead9673: Killed Squid]
[23:17:12] [Server thread/INFO]: [Realnead9673: Killed Zombie]
[23:17:12] [Server thread/INFO]: [Realnead9673: Killed Squid]
[23:17:12] [Server thread/INFO]: [Realnead9673: Killed Zombie Pigman]
[23:17:12] [Server thread/INFO]: [Realnead9673: Killed Squid]
[23:17:12] [Server thread/INFO]: [Realnead9673: Killed Zombie Pigman]
[23:17:12] [Server thread/INFO]: [Realnead9673: Killed Zombie Pigman]
[23:17:12] [Server thread/INFO]: [Realnead9673: Killed Zombie Pigman]
[23:17:12] [Server thread/INFO]: [Realnead9673: Killed Zombie Pigman]
[23:17:12] [Server thread/INFO]: [Realnead9673: Killed Squid]
[23:17:12] [Server thread/INFO]: [Realnead9673: Killed Zombie Pigman]
[23:17:12] [Server thread/INFO]: [Realnead9673: Killed Squid]
[23:17:12] [Server thread/INFO]: [Realnead9673: Killed Squid]
[23:17:12] [Server thread/INFO]: [Realnead9673: Killed Squid]
[23:17:12] [Server thread/INFO]: [Realnead9673: Killed Squid]
[23:17:12] [Server thread/INFO]: [Realnead9673: Killed Squid]
[23:17:12] [Server thread/INFO]: [Realnead9673: Killed Zombie Pigman]
[23:17:12] [Server thread/INFO]: [Realnead9673: Killed Zombie Pigman]
[23:17:12] [Server thread/INFO]: [Realnead9673: Killed Squid]
[23:17:12] [Server thread/INFO]: [Realnead9673: Killed Zombie Pigman]
[23:17:12] [Server thread/INFO]: [Realnead9673: Killed Squid]
[23:17:12] [Server thread/INFO]: [Realnead9673: Killed Zombie]
[23:17:12] [Server thread/INFO]: [Realnead9673: Killed Squid]
[23:17:12] [Server thread/INFO]: [Realnead9673: Killed Skeleton]
[23:17:12] [Server thread/INFO]: [Realnead9673: Killed Bat]
[23:17:12] [Server thread/INFO]: [Realnead9673: Killed Enderman]
[23:17:12] [Server thread/INFO]: [Realnead9673: Killed Enderman]
[23:17:12] [Server thread/INFO]: [Realnead9673: Killed Squid]
[23:17:12] [Server thread/INFO]: [Realnead9673: Killed Squid]
[23:17:12] [Server thread/INFO]: [Realnead9673: Killed Chicken]
[23:17:12] [Server thread/INFO]: [Realnead9673: Killed Skeleton]
[23:17:12] [Server thread/INFO]: [Realnead9673: Killed Zombie]
[23:17:12] [Server thread/INFO]: [Realnead9673: Killed Squid]
[23:17:12] [Server thread/INFO]: [Realnead9673: Killed Squid]
[23:17:12] [Server thread/INFO]: NatunoMETEOR fell out of the world
[23:17:12] [Server thread/INFO]: [Realnead9673: Killed NatunoMETEOR]
[23:17:12] [Server thread/INFO]: [Realnead9673: Killed Creeper]
[23:17:12] [Server thread/INFO]: [Realnead9673: Killed Squid]
[23:17:12] [Server thread/INFO]: [Realnead9673: Killed Squid]
[23:17:12] [Server thread/INFO]: [Realnead9673: Killed Squid]
[23:17:12] [Server thread/INFO]: [Realnead9673: Killed Zombie]
[23:17:12] [Server thread/INFO]: [Realnead9673: Killed Squid]
[23:17:12] [Server thread/INFO]: [Realnead9673: Killed Blaze]
[23:17:12] [Server thread/INFO]: [Realnead9673: Killed Squid]
[23:17:12] [Server thread/INFO]: [Realnead9673: Killed Squid]
[23:17:12] [Server thread/INFO]: [Realnead9673: Killed Squid]
[23:17:12] [Server thread/INFO]: [Realnead9673: Killed Squid]
[23:17:12] [Server thread/INFO]: [Realnead9673: Killed Squid]
[23:17:12] [Server thread/INFO]: [Realnead9673: Killed Squid]
[23:17:12] [Server thread/INFO]: [Realnead9673: Killed Creeper]
[23:17:12] [Server thread/INFO]: [Realnead9673: Killed Squid]
[23:17:12] [Server thread/INFO]: [Realnead9673: Killed Squid]
[23:17:12] [Server thread/INFO]: [Realnead9673: Killed Skeleton]
[23:17:12] [Server thread/INFO]: [Realnead9673: Killed Bat]
[23:17:12] [Server thread/INFO]: [Realnead9673: Killed Bat]
[23:17:12] [Server thread/INFO]: [Realnead9673: Killed Bat]
[23:17:12] [Server thread/INFO]: [Realnead9673: Killed Squid]
[23:17:12] [Server thread/INFO]: [Realnead9673: Killed Squid]
[23:17:12] [Server thread/INFO]: [Realnead9673: Killed Squid]
[23:17:12] [Server thread/INFO]: [Realnead9673: Killed Squid]
[23:17:12] [Server thread/INFO]: [Realnead9673: Killed Bat]
[23:17:12] [Server thread/INFO]: [Realnead9673: Killed Squid]
[23:17:12] [Server thread/INFO]: [Realnead9673: Killed Zombie Pigman]
[23:17:12] [Server thread/INFO]: [Realnead9673: Killed Squid]
[23:17:12] [Server thread/INFO]: [Realnead9673: Killed Zombie Pigman]
[23:17:12] [Server thread/INFO]: [Realnead9673: Killed Squid]
[23:17:12] [Server thread/INFO]: [Realnead9673: Killed Squid]
[23:17:12] [Server thread/INFO]: [Realnead9673: Killed Squid]
[23:17:12] [Server thread/INFO]: [Realnead9673: Killed Bat]
[23:17:12] [Server thread/INFO]: [Realnead9673: Killed Squid]
[23:17:12] [Server thread/INFO]: [Realnead9673: Killed Zombie Pigman]
[23:17:12] [Server thread/INFO]: [Realnead9673: Killed Zombie Pigman]
[23:17:12] [Server thread/INFO]: [Realnead9673: Killed Squid]
[23:17:12] [Server thread/INFO]: [Realnead9673: Killed Squid]
[23:17:12] [Server thread/INFO]: [Realnead9673: Killed Zombie Pigman]
[23:17:12] [Server thread/INFO]: [Realnead9673: Killed Zombie Pigman]
[23:17:12] [Server thread/INFO]: [Realnead9673: Killed Squid]
[23:17:12] [Server thread/INFO]: [Realnead9673: Killed Bat]
[23:17:12] [Server thread/INFO]: [Realnead9673: Killed Blaze]
[23:17:12] [Server thread/INFO]: [Realnead9673: Killed Squid]
[23:17:12] [Server thread/INFO]: [Realnead9673: Killed Squid]
[23:17:12] [Server thread/INFO]: [Realnead9673: Killed Squid]
[23:17:12] [Server thread/INFO]: [Realnead9673: Killed Bat]
[23:17:12] [Server thread/INFO]: [Realnead9673: Killed Squid]
[23:17:12] [Server thread/INFO]: [Realnead9673: Killed Squid]
[23:17:12] [Server thread/INFO]: [Realnead9673: Killed Zombie Pigman]
[23:17:12] [Server thread/INFO]: [Realnead9673: Killed Blaze]
[23:17:12] [Server thread/INFO]: [Realnead9673: Killed Zombie Pigman]
[23:17:12] [Server thread/INFO]: [Realnead9673: Killed Squid]
[23:17:12] [Server thread/INFO]: [Realnead9673: Killed Cow]
[23:17:12] [Server thread/INFO]: [Realnead9673: Killed Zombie Pigman]
[23:17:12] [Server thread/INFO]: [Realnead9673: Killed Zombie Pigman]
[23:17:12] [Server thread/INFO]: [Realnead9673: Killed Zombie Pigman]
[23:17:12] [Server thread/INFO]: [Realnead9673: Killed Squid]
[23:17:12] [Server thread/INFO]: [Realnead9673: Killed Skeleton]
[23:17:12] [Server thread/INFO]: [Realnead9673: Killed Skeleton]
[23:17:12] [Server thread/INFO]: [Realnead9673: Killed Squid]
[23:17:12] [Server thread/INFO]: [Realnead9673: Killed Squid]
[23:17:12] [Server thread/INFO]: [Realnead9673: Killed Squid]
[23:17:12] [Server thread/INFO]: [Realnead9673: Killed Squid]
[23:17:12] [Server thread/INFO]: [Realnead9673: Killed Bat]
[23:17:12] [Server thread/INFO]: [Realnead9673: Killed Blaze]
[23:17:12] [Server thread/INFO]: [Realnead9673: Killed Skeleton]
[23:17:12] [Server thread/INFO]: [Realnead9673: Killed Blaze]
[23:17:12] [Server thread/INFO]: [Realnead9673: Killed Zombie]
[23:17:12] [Server thread/INFO]: [Realnead9673: Killed Squid]
[23:17:12] [Server thread/INFO]: [Realnead9673: Killed Pig]
[23:17:12] [Server thread/INFO]: [Realnead9673: Killed Skeleton]
[23:17:12] [Server thread/INFO]: [Realnead9673: Killed Squid]
[23:17:12] [Server thread/INFO]: [Realnead9673: Killed Squid]
[23:17:12] [Server thread/INFO]: [Realnead9673: Killed Squid]
[23:17:12] [Server thread/INFO]: [Realnead9673: Killed Sheep]
[23:17:12] [Server thread/INFO]: [Realnead9673: Killed Squid]
[23:17:12] [Server thread/INFO]: [Realnead9673: Killed Skeleton]
[23:17:12] [Server thread/INFO]: [Realnead9673: Killed Iron Golem]
[23:17:12] [Server thread/INFO]: [Realnead9673: Killed Zombie]
[23:17:12] [Server thread/INFO]: [Realnead9673: Killed Creeper]
[23:17:12] [Server thread/INFO]: [Realnead9673: Killed Zombie Pigman]
[23:17:12] [Server thread/INFO]: [Realnead9673: Killed Zombie Pigman]
[23:17:12] [Server thread/INFO]: [Realnead9673: Killed Skeleton]
[23:17:12] [Server thread/INFO]: [Realnead9673: Killed Zombie Pigman]
[23:17:12] [Server thread/INFO]: [Realnead9673: Killed Cow]
[23:17:12] [Server thread/INFO]: [Realnead9673: Killed Skeleton]
[23:17:12] [Server thread/INFO]: [Realnead9673: Killed Zombie]
[23:17:12] [Server thread/INFO]: [Realnead9673: Killed Squid]
[23:17:12] [Server thread/INFO]: [Realnead9673: Killed Sheep]
[23:17:12] [Server thread/INFO]: [Realnead9673: Killed Spider]
[23:17:12] [Server thread/INFO]: [Realnead9673: Killed Pig]
[23:17:12] [Server thread/INFO]: [Realnead9673: Killed Zombie Pigman]
[23:17:12] [Server thread/INFO]: [Realnead9673: Killed Zombie Pigman]
[23:17:12] [Server thread/INFO]: [Realnead9673: Killed Cow]
[23:17:12] [Server thread/INFO]: [Realnead9673: Killed Squid]
[23:17:12] [Server thread/INFO]: [Realnead9673: Killed Cow]
[23:17:12] [Server thread/INFO]: [Realnead9673: Killed Cow]
[23:17:12] [Server thread/INFO]: [Realnead9673: Killed Creeper]
[23:17:12] [Server thread/INFO]: [Realnead9673: Killed Sheep]
[23:17:12] [Server thread/INFO]: [Realnead9673: Killed Cow]
[23:17:12] [Server thread/INFO]: [Realnead9673: Killed Pig]
[23:17:12] [Server thread/INFO]: [Realnead9673: Killed Zombie]
[23:17:12] [Server thread/INFO]: [Realnead9673: Killed Zombie Pigman]
[23:17:12] [Server thread/INFO]: [Realnead9673: Killed Zombie Pigman]
[23:17:12] [Server thread/INFO]: [Realnead9673: Killed Pig]
[23:17:12] [Server thread/INFO]: [Realnead9673: Killed Squid]
[23:17:12] [Server thread/INFO]: [Realnead9673: Killed Cow]
[23:17:12] [Server thread/INFO]: [Realnead9673: Killed Pig]
[23:17:12] [Server thread/INFO]: [Realnead9673: Killed Cow]
[23:17:12] [Server thread/INFO]: [Realnead9673: Killed Skeleton]
[23:17:12] [Server thread/INFO]: [Realnead9673: Killed Squid]
[23:17:12] [Server thread/INFO]: [Realnead9673: Killed Cow]
[23:17:12] [Server thread/INFO]: [Realnead9673: Killed Sheep]
[23:17:12] [Server thread/INFO]: [Realnead9673: Killed Sheep]
[23:17:12] [Server thread/INFO]: [Realnead9673: Killed Pig]
[23:17:12] [Server thread/INFO]: BuRiBuRiNasuo fell out of the world
[23:17:12] [Server thread/INFO]: [Realnead9673: Killed BuRiBuRiNasuo]
[23:17:12] [Server thread/INFO]: [Realnead9673: Killed Cow]
[23:17:12] [Server thread/INFO]: [Realnead9673: Killed Zombie Pigman]
[23:17:12] [Server thread/INFO]: [Realnead9673: Killed Squid]
[23:17:12] [Server thread/INFO]: [Realnead9673: Killed Blaze]
[23:17:12] [Server thread/INFO]: [Realnead9673: Killed Zombie Pigman]
[23:17:12] [Server thread/INFO]: [Realnead9673: Killed Squid]
[23:17:12] [Server thread/INFO]: [Realnead9673: Killed Magma Cube]
[23:17:12] [Server thread/INFO]: [Realnead9673: Killed item.item.egg]
[23:17:12] [Server thread/INFO]: [Realnead9673: Killed Zombie Pigman]
[23:17:12] [Server thread/INFO]: [Realnead9673: Killed Chicken]
[23:17:12] [Server thread/INFO]: [Realnead9673: Killed Zombie Pigman]
[23:17:12] [Server thread/INFO]: [Realnead9673: Killed Blaze]
[23:17:12] [Server thread/INFO]: [Realnead9673: Killed Squid]
[23:17:12] [Server thread/INFO]: [Realnead9673: Killed Pig]
[23:17:12] [Server thread/INFO]: [Realnead9673: Killed Zombie Pigman]
[23:17:12] [Server thread/INFO]: [Realnead9673: Killed Blaze]
[23:17:12] [Server thread/INFO]: [Realnead9673: Killed Zombie Pigman]
[23:17:12] [Server thread/INFO]: [Realnead9673: Killed Bat]
[23:17:12] [Server thread/INFO]: [Realnead9673: Killed Cow]
[23:17:12] [Server thread/INFO]: [Realnead9673: Killed Zombie Pigman]
[23:17:12] [Server thread/INFO]: [Realnead9673: Killed Zombie Pigman]
[23:17:12] [Server thread/INFO]: [Realnead9673: Killed Sheep]
[23:17:12] [Server thread/INFO]: [Realnead9673: Killed Squid]
[23:17:12] [Server thread/INFO]: [Realnead9673: Killed Cow]
[23:17:12] [Server thread/INFO]: [Realnead9673: Killed Cow]
[23:17:12] [Server thread/INFO]: [Realnead9673: Killed Zombie Pigman]
[23:17:12] [Server thread/INFO]: [Realnead9673: Killed Cow]
[23:17:12] [Server thread/INFO]: [Realnead9673: Killed Zombie]
[23:17:12] [Server thread/INFO]: [Realnead9673: Killed Cow]
[23:17:12] [Server thread/INFO]: [Realnead9673: Killed Zombie Pigman]
[23:17:12] [Server thread/INFO]: [Realnead9673: Killed Cow]
[23:17:12] [Server thread/INFO]: [Realnead9673: Killed Cow]
[23:17:12] [Server thread/INFO]: [Realnead9673: Killed Squid]
[23:17:12] [Server thread/INFO]: [Realnead9673: Killed Pig]
[23:17:12] [Server thread/INFO]: [Realnead9673: Killed Squid]
[23:17:12] [Server thread/INFO]: [Realnead9673: Killed Snow Golem]
[23:17:12] [Server thread/INFO]: [Realnead9673: Killed Blaze]
[23:17:12] [Server thread/INFO]: [Realnead9673: Killed Zombie Pigman]
[23:17:12] [Server thread/INFO]: [Realnead9673: Killed Zombie]
[23:17:12] [Server thread/INFO]: [Realnead9673: Killed Squid]
[23:17:12] [Server thread/INFO]: [Realnead9673: Killed Cow]
[23:17:12] [Server thread/INFO]: [Realnead9673: Killed Zombie Pigman]
[23:17:12] [Server thread/INFO]: [Realnead9673: Killed Cow]
[23:17:12] [Server thread/INFO]: [Realnead9673: Killed Cow]
[23:17:12] [Server thread/INFO]: [Realnead9673: Killed Cow]
[23:17:12] [Server thread/INFO]: [Realnead9673: Killed Squid]
[23:17:12] [Server thread/INFO]: [Realnead9673: Killed Cow]
[23:17:12] [Server thread/INFO]: [Realnead9673: Killed Pig]
[23:17:12] [Server thread/INFO]: [Realnead9673: Killed Chicken]
[23:17:12] [Server thread/INFO]: [Realnead9673: Killed Zombie Pigman]
[23:17:12] [Server thread/INFO]: [Realnead9673: Killed item.item.egg]
[23:17:12] [Server thread/INFO]: [Realnead9673: Killed Zombie Pigman]
[23:17:12] [Server thread/INFO]: [Realnead9673: Killed Cow]
[23:17:12] [Server thread/INFO]: [Realnead9673: Killed Bat]
[23:17:12] [Server thread/INFO]: [Realnead9673: Killed Cow]
[23:17:12] [Server thread/INFO]: [Realnead9673: Killed Zombie Pigman]
[23:17:12] [Server thread/INFO]: [Realnead9673: Killed Zombie Pigman]
[23:17:12] [Server thread/INFO]: [Realnead9673: Killed Cow]
[23:17:12] [Server thread/INFO]: [Realnead9673: Killed Pig]
[23:17:12] [Server thread/INFO]: [Realnead9673: Killed Chicken]
[23:17:12] [Server thread/INFO]: [Realnead9673: Killed Skeleton]
[23:17:12] [Server thread/INFO]: [Realnead9673: Killed Cow]
[23:17:12] [Server thread/INFO]: [Realnead9673: Killed Cow]
[23:17:12] [Server thread/INFO]: [Realnead9673: Killed Cow]
[23:17:12] [Server thread/INFO]: [Realnead9673: Killed Zombie Pigman]
[23:17:12] [Server thread/INFO]: [Realnead9673: Killed Zombie Pigman]
[23:17:12] [Server thread/INFO]: [Realnead9673: Killed Cow]
[23:17:12] [Server thread/INFO]: [Realnead9673: Killed Cow]
[23:17:12] [Server thread/INFO]: [Realnead9673: Killed Cow]
[23:17:12] [Server thread/INFO]: [Realnead9673: Killed Pig]
[23:17:12] [Server thread/INFO]: [Realnead9673: Killed Cow]
[23:17:12] [Server thread/INFO]: [Realnead9673: Killed Sheep]
[23:17:12] [Server thread/INFO]: [Realnead9673: Killed Cow]
[23:17:12] [Server thread/INFO]: [Realnead9673: Killed Pig]
[23:17:12] [Server thread/INFO]: [Realnead9673: Killed Zombie Pigman]
[23:17:12] [Server thread/INFO]: [Realnead9673: Killed Pig]
[23:17:12] [Server thread/INFO]: [Realnead9673: Killed Pig]
[23:17:12] [Server thread/INFO]: [Realnead9673: Killed Squid]
[23:17:12] [Server thread/INFO]: [Realnead9673: Killed Cow]
[23:17:12] [Server thread/INFO]: [Realnead9673: Killed Cow]
[23:17:12] [Server thread/INFO]: [Realnead9673: Killed Squid]
[23:17:12] [Server thread/INFO]: [Realnead9673: Killed Chicken]
[23:17:12] [Server thread/INFO]: [Realnead9673: Killed Cow]
[23:17:12] [Server thread/INFO]: [Realnead9673: Killed Squid]
[23:17:12] [Server thread/INFO]: [Realnead9673: Killed Squid]
[23:17:12] [Server thread/INFO]: [Realnead9673: Killed Cow]
[23:17:12] [Server thread/INFO]: [Realnead9673: Killed Zombie Pigman]
[23:17:12] [Server thread/INFO]: [Realnead9673: Killed Pig]
[23:17:12] [Server thread/INFO]: [Realnead9673: Killed Cow]
[23:17:12] [Server thread/INFO]: [Realnead9673: Killed Sheep]
[23:17:12] [Server thread/INFO]: [Realnead9673: Killed Chicken]
[23:17:12] [Server thread/INFO]: [Realnead9673: Killed Pig]
[23:17:12] [Server thread/INFO]: [Realnead9673: Killed Zombie Pigman]
[23:17:12] [Server thread/INFO]: [Realnead9673: Killed Zombie Pigman]
[23:17:12] [Server thread/INFO]: [Realnead9673: Killed Squid]
[23:17:12] [Server thread/INFO]: [Realnead9673: Killed Cow]
[23:17:12] [Server thread/INFO]: [Realnead9673: Killed Pig]
[23:17:12] [Server thread/INFO]: [Realnead9673: Killed Cow]
[23:17:12] [Server thread/INFO]: [Realnead9673: Killed Pig]
[23:17:12] [Server thread/INFO]: [Realnead9673: Killed Squid]
[23:17:12] [Server thread/INFO]: [Realnead9673: Killed Pig]
[23:17:12] [Server thread/INFO]: [Realnead9673: Killed Sheep]
[23:17:12] [Server thread/INFO]: [Realnead9673: Killed Enderman]
[23:17:12] [Server thread/INFO]: [Realnead9673: Killed Pig]
[23:17:12] [Server thread/INFO]: [Realnead9673: Killed Sheep]
[23:17:12] [Server thread/INFO]: [Realnead9673: Killed Cow]
[23:17:12] [Server thread/INFO]: [Realnead9673: Killed Squid]
[23:17:12] [Server thread/INFO]: [Realnead9673: Killed Squid]
[23:17:12] [Server thread/INFO]: [Realnead9673: Killed Sheep]
[23:17:12] [Server thread/INFO]: [Realnead9673: Killed item.item.egg]
[23:17:12] [Server thread/INFO]: [Realnead9673: Killed Cow]
[23:17:12] [Server thread/INFO]: [Realnead9673: Killed Pig]
[23:17:12] [Server thread/INFO]: [Realnead9673: Killed Spider]
[23:17:12] [Server thread/INFO]: [Realnead9673: Killed Squid]
[23:17:12] [Server thread/INFO]: [Realnead9673: Killed Cow]
[23:17:12] [Server thread/INFO]: [Realnead9673: Killed Pig]
[23:17:12] [Server thread/INFO]: [Realnead9673: Killed Squid]
[23:17:12] [Server thread/INFO]: [Realnead9673: Killed Squid]
[23:17:12] [Server thread/INFO]: [Realnead9673: Killed Sheep]
[23:17:12] [Server thread/INFO]: [Realnead9673: Killed Pig]
[23:17:12] [Server thread/INFO]: [Realnead9673: Killed Pig]
[23:17:12] [Server thread/INFO]: [Realnead9673: Killed Cow]
[23:17:12] [Server thread/INFO]: [Realnead9673: Killed Cow]
[23:17:12] [Server thread/INFO]: [Realnead9673: Killed Sheep]
[23:17:12] [Server thread/INFO]: [Realnead9673: Killed Cow]
[23:17:12] [Server thread/INFO]: [Realnead9673: Killed Zombie Pigman]
[23:17:12] [Server thread/INFO]: [Realnead9673: Killed Pig]
[23:17:12] [Server thread/INFO]: [Realnead9673: Killed Cow]
[23:17:12] [Server thread/INFO]: [Realnead9673: Killed Pig]
[23:17:12] [Server thread/INFO]: [Realnead9673: Killed Chicken]
[23:17:12] [Server thread/INFO]: [Realnead9673: Killed Pig]
[23:17:12] [Server thread/INFO]: [Realnead9673: Killed Pig]
[23:17:12] [Server thread/INFO]: [Realnead9673: Killed Chicken]
[23:17:12] [Server thread/INFO]: [Realnead9673: Killed Cow]
[23:17:12] [Server thread/INFO]: [Realnead9673: Killed Sheep]
[23:17:12] [Server thread/INFO]: [Realnead9673: Killed Sheep]
[23:17:12] [Server thread/INFO]: [Realnead9673: Killed Squid]
[23:17:12] [Server thread/INFO]: [Realnead9673: Killed Squid]
[23:17:12] [Server thread/INFO]: [Realnead9673: Killed Cow]
[23:17:12] [Server thread/INFO]: [Realnead9673: Killed Cow]
[23:17:12] [Server thread/INFO]: [Realnead9673: Killed Chicken]
[23:17:12] [Server thread/INFO]: [Realnead9673: Killed Zombie Pigman]
[23:17:12] [Server thread/INFO]: [Realnead9673: Killed Chicken]
[23:17:12] [Server thread/INFO]: [Realnead9673: Killed item.item.egg]
[23:17:12] [Server thread/INFO]: [Realnead9673: Killed Zombie Pigman]
[23:17:12] [Server thread/INFO]: [Realnead9673: Killed Sheep]
[23:17:12] [Server thread/INFO]: [Realnead9673: Killed Skeleton]
[23:17:12] [Server thread/INFO]: [Realnead9673: Killed Zombie Pigman]
[23:17:12] [Server thread/INFO]: [Realnead9673: Killed Zombie Pigman]
[23:17:12] [Server thread/INFO]: [Realnead9673: Killed Zombie Pigman]
[23:17:12] [Server thread/INFO]: [Realnead9673: Killed Zombie Pigman]
[23:17:12] [Server thread/INFO]: [Realnead9673: Killed Skeleton]
[23:17:12] [Server thread/INFO]: [Realnead9673: Killed Zombie Pigman]
[23:17:12] [Server thread/INFO]: [Realnead9673: Killed Squid]
[23:17:12] [Server thread/INFO]: [Realnead9673: Killed Zombie Pigman]
[23:17:12] [Server thread/INFO]: [Realnead9673: Killed Zombie Pigman]
[23:17:12] [Server thread/INFO]: [Realnead9673: Killed Cow]
[23:17:12] [Server thread/INFO]: [Realnead9673: Killed Zombie Pigman]
[23:17:12] [Server thread/INFO]: [Realnead9673: Killed Zombie Pigman]
[23:17:12] [Server thread/INFO]: [Realnead9673: Killed item.item.egg]
[23:17:12] [Server thread/INFO]: [Realnead9673: Killed Cow]
[23:17:12] [Server thread/INFO]: [Realnead9673: Killed Chicken]
[23:17:12] [Server thread/INFO]: [Realnead9673: Killed Bat]
[23:17:12] [Server thread/INFO]: [Realnead9673: Killed Magma Cube]
[23:17:12] [Server thread/INFO]: [Realnead9673: Killed Zombie Pigman]
[23:17:12] [Server thread/INFO]: [Realnead9673: Killed Zombie]
[23:17:12] [Server thread/INFO]: [Realnead9673: Killed Squid]
[23:17:12] [Server thread/INFO]: [Realnead9673: Killed Creeper]
[23:17:12] [Server thread/INFO]: [Realnead9673: Killed Bat]
[23:17:12] [Server thread/INFO]: [Realnead9673: Killed Zombie Pigman]
[23:17:12] [Server thread/INFO]: [Realnead9673: Killed Creeper]
[23:17:12] [Server thread/INFO]: [Realnead9673: Killed entity.MinecartRideable.name]
[23:17:12] [Server thread/INFO]: [Realnead9673: Killed Creeper]
[23:17:12] [Server thread/INFO]: [Realnead9673: Killed Creeper]
[23:17:12] [Server thread/INFO]: [Realnead9673: Killed Zombie Pigman]
[23:17:12] [Server thread/INFO]: [Realnead9673: Killed Zombie Pigman]
[23:17:12] [Server thread/INFO]: [Realnead9673: Killed Squid]
[23:17:12] [Server thread/INFO]: [Realnead9673: Killed Creeper]
[23:17:12] [Server thread/INFO]: [Realnead9673: Killed Zombie Pigman]
[23:17:12] [Server thread/INFO]: [Realnead9673: Killed Skeleton]
[23:17:12] [Server thread/INFO]: [Realnead9673: Killed Squid]
[23:17:12] [Server thread/INFO]: [Realnead9673: Killed Zombie Pigman]
[23:17:12] [Server thread/INFO]: Ninzin_sanji fell out of the world
[23:17:12] [Server thread/INFO]: [Realnead9673: Killed Ninzin_sanji]
[23:17:12] [Server thread/INFO]: [Realnead9673: Killed Magma Cube]
[23:17:12] [Server thread/INFO]: [Realnead9673: Killed Zombie Pigman]
[23:17:12] [Server thread/INFO]: [Realnead9673: Killed Magma Cube]
[23:17:12] [Server thread/INFO]: [Realnead9673: Killed Zombie Pigman]
[23:17:12] [Server thread/INFO]: [Realnead9673: Killed Pig]
[23:17:12] [Server thread/INFO]: [Realnead9673: Killed Bat]
[23:17:12] [Server thread/INFO]: [Realnead9673: Killed Squid]
[23:17:12] [Server thread/INFO]: [Realnead9673: Killed Zombie Pigman]
[23:17:12] [Server thread/INFO]: [Realnead9673: Killed Sheep]
[23:17:12] [Server thread/INFO]: [Realnead9673: Killed Blaze]
[23:17:12] [Server thread/INFO]: [Realnead9673: Killed Bat]
[23:17:12] [Server thread/INFO]: [Realnead9673: Killed Zombie Pigman]
[23:17:12] [Server thread/INFO]: [Realnead9673: Killed Zombie]
[23:17:12] [Server thread/INFO]: [Realnead9673: Killed Zombie Pigman]
[23:17:12] [Server thread/INFO]: [Realnead9673: Killed Zombie Pigman]
[23:17:12] [Server thread/INFO]: [Realnead9673: Killed Squid]
[23:17:12] [Server thread/INFO]: [Realnead9673: Killed Zombie Pigman]
[23:17:12] [Server thread/INFO]: [Realnead9673: Killed Zombie Pigman]
[23:17:12] [Server thread/INFO]: [Realnead9673: Killed Ghast]
[23:17:12] [Server thread/INFO]: [Realnead9673: Killed Zombie Pigman]
[23:17:12] [Server thread/INFO]: [Realnead9673: Killed Cow]
[23:17:12] [Server thread/INFO]: [Realnead9673: Killed Zombie Pigman]
[23:17:12] [Server thread/INFO]: [Realnead9673: Killed Creeper]
[23:17:12] [Server thread/INFO]: [Realnead9673: Killed Snow Golem]
[23:17:12] [Server thread/INFO]: [Realnead9673: Killed Cow]
[23:17:12] [Server thread/INFO]: [Realnead9673: Killed Creeper]
[23:17:12] [Server thread/INFO]: [Realnead9673: Killed Skeleton]
[23:17:12] [Server thread/INFO]: [Realnead9673: Killed Squid]
[23:17:12] [Server thread/INFO]: [Realnead9673: Killed Squid]
[23:17:12] [Server thread/INFO]: [Realnead9673: Killed Skeleton]
[23:17:12] [Server thread/INFO]: [Realnead9673: Killed Squid]
[23:17:12] [Server thread/INFO]: [Realnead9673: Killed Snow Golem]
[23:17:12] [Server thread/INFO]: [Realnead9673: Killed Chicken]
[23:17:12] [Server thread/INFO]: [Realnead9673: Killed Squid]
[23:17:12] [Server thread/INFO]: [Realnead9673: Killed Zombie Pigman]
[23:17:12] [Server thread/INFO]: [Realnead9673: Killed Creeper]
[23:17:12] [Server thread/INFO]: [Realnead9673: Killed Creeper]
[23:17:12] [Server thread/INFO]: [Realnead9673: Killed Snow Golem]
[23:17:12] [Server thread/INFO]: [Realnead9673: Killed Snow Golem]
[23:17:12] [Server thread/INFO]: [Realnead9673: Killed Zombie Pigman]
[23:17:12] [Server thread/INFO]: [Realnead9673: Killed Zombie Pigman]
[23:17:12] [Server thread/INFO]: [Realnead9673: Killed Snow Golem]
[23:17:12] [Server thread/INFO]: [Realnead9673: Killed Creeper]
[23:17:12] [Server thread/INFO]: [Realnead9673: Killed Squid]
[23:17:12] [Server thread/INFO]: [Realnead9673: Killed Snow Golem]
[23:17:12] [Server thread/INFO]: [Realnead9673: Killed Creeper]
[23:17:12] [Server thread/INFO]: [Realnead9673: Killed Squid]
[23:17:12] [Server thread/INFO]: [Realnead9673: Killed Squid]
[23:17:12] [Server thread/INFO]: [Realnead9673: Killed Squid]
[23:17:12] [Server thread/INFO]: [Realnead9673: Killed Squid]
[23:17:12] [Server thread/INFO]: [Realnead9673: Killed Squid]
[23:17:12] [Server thread/INFO]: [Realnead9673: Killed Squid]
[23:17:12] [Server thread/INFO]: [Realnead9673: Killed Iron Golem]
[23:17:12] [Server thread/INFO]: [Realnead9673: Killed Squid]
[23:17:12] [Server thread/INFO]: [Realnead9673: Killed Cow]
[23:17:12] [Server thread/INFO]: [Realnead9673: Killed entity.MinecartRideable.name]
[23:17:12] [Server thread/INFO]: [Realnead9673: Killed Skeleton]
[23:17:12] [Server thread/INFO]: [Realnead9673: Killed Squid]
[23:17:12] [Server thread/INFO]: [Realnead9673: Killed Skeleton]
[23:17:12] [Server thread/INFO]: [Realnead9673: Killed Skeleton]
[23:17:12] [Server thread/INFO]: [Realnead9673: Killed Iron Golem]
[23:17:12] [Server thread/INFO]: [Realnead9673: Killed Creeper]
[23:17:12] [Server thread/INFO]: [Realnead9673: Killed Squid]
[23:17:12] [Server thread/INFO]: [Realnead9673: Killed Bat]
[23:17:12] [Server thread/INFO]: [Realnead9673: Killed Squid]
[23:17:12] [Server thread/INFO]: [Realnead9673: Killed Zombie Pigman]
[23:17:12] [Server thread/INFO]: [Realnead9673: Killed Zombie]
[23:17:12] [Server thread/INFO]: [Realnead9673: Killed Zombie]
[23:17:12] [Server thread/INFO]: [Realnead9673: Killed Creeper]
[23:17:12] [Server thread/INFO]: [Realnead9673: Killed Skeleton]
[23:17:12] [Server thread/INFO]: [Realnead9673: Killed Zombie Pigman]
[23:17:12] [Server thread/INFO]: [Realnead9673: Killed Skeleton]
[23:17:12] [Server thread/INFO]: [Realnead9673: Killed Zombie Pigman]
[23:17:12] [Server thread/INFO]: [Realnead9673: Killed Creeper]
[23:17:12] [Server thread/INFO]: [Realnead9673: Killed Zombie Pigman]
[23:17:12] [Server thread/INFO]: [Realnead9673: Killed Squid]
[23:17:12] [Server thread/INFO]: [Realnead9673: Killed Creeper]
[23:17:12] [Server thread/INFO]: [Realnead9673: Killed Skeleton]
[23:17:12] [Server thread/INFO]: [Realnead9673: Killed Squid]
[23:17:12] [Server thread/INFO]: [Realnead9673: Killed Skeleton]
[23:17:12] [Server thread/INFO]: [Realnead9673: Killed Spider]
[23:17:12] [Server thread/INFO]: [Realnead9673: Killed Squid]
[23:17:12] [Server thread/INFO]: [Realnead9673: Killed Squid]
[23:17:12] [Server thread/INFO]: [Realnead9673: Killed Squid]
[23:17:12] [Server thread/INFO]: [Realnead9673: Killed Spider]
[23:17:12] [Server thread/INFO]: [Realnead9673: Killed Squid]
[23:17:12] [Server thread/INFO]: [Realnead9673: Killed Zombie]
[23:17:12] [Server thread/INFO]: [Realnead9673: Killed Spider]
[23:17:12] [Server thread/INFO]: [Realnead9673: Killed Squid]
[23:17:12] [Server thread/INFO]: [Realnead9673: Killed Creeper]
[23:17:12] [Server thread/INFO]: [Realnead9673: Killed Creeper]
[23:17:12] [Server thread/INFO]: [Realnead9673: Killed Painting]
[23:17:12] [Server thread/INFO]: [Realnead9673: Killed Painting]
[23:17:12] [Server thread/INFO]: [Realnead9673: Killed Squid]
[23:17:12] [Server thread/INFO]: [Realnead9673: Killed Skeleton]
[23:17:12] [Server thread/INFO]: [Realnead9673: Killed Painting]
[23:17:12] [Server thread/INFO]: [Realnead9673: Killed Painting]
[23:17:12] [Server thread/INFO]: [Realnead9673: Killed Spider]
[23:17:12] [Server thread/INFO]: [Realnead9673: Killed Zombie Pigman]
[23:17:12] [Server thread/INFO]: [Realnead9673: Killed Creeper]
[23:17:12] [Server thread/INFO]: [Realnead9673: Killed Zombie Pigman]
[23:17:12] [Server thread/INFO]: [Realnead9673: Killed Creeper]
[23:17:12] [Server thread/INFO]: [Realnead9673: Killed Creeper]
[23:17:12] [Server thread/INFO]: [Realnead9673: Killed Zombie]
[23:17:12] [Server thread/INFO]: [Realnead9673: Killed Spider]
[23:17:12] [Server thread/INFO]: [Realnead9673: Killed Creeper]
[23:17:12] [Server thread/INFO]: [Realnead9673: Killed Zombie Pigman]
[23:17:12] [Server thread/INFO]: [Realnead9673: Killed Zombie Pigman]
[23:17:12] [Server thread/INFO]: [Realnead9673: Killed Sheep]
[23:17:48] [Server thread/INFO]: [Realnead9673: Teleported Realnead9673 to Realnead9673]
[23:17:48] [Server thread/INFO]: [Realnead9673: Teleported oiipyy to Realnead9673]
[23:17:48] [Server thread/INFO]: [Realnead9673: Teleported BuRiBuRiNasuo to Realnead9673]
[23:17:48] [Server thread/INFO]: [Realnead9673: Teleported NatunoMETEOR to Realnead9673]
[23:17:48] [Server thread/INFO]: [Realnead9673: Teleported Ninzin_sanji to Realnead9673]
[23:17:48] [Server thread/INFO]: [Realnead9673: Teleported Ryuoniha120218 to Realnead9673]
[23:18:11] [Server thread/INFO]: [@: Teleported Realnead9673 to -78.5, 49.0, -69.5]
[23:18:11] [Server thread/INFO]: [@: Teleported NatunoMETEOR to -78.5, 49.0, -69.5]
[23:18:11] [Server thread/INFO]: [@: Teleported Ninzin_sanji to -78.5, 49.0, -69.5]
[23:18:11] [Server thread/INFO]: [@: Teleported oiipyy to -78.5, 49.0, -69.5]
[23:18:11] [Server thread/INFO]: [@: Teleported BuRiBuRiNasuo to -78.5, 49.0, -69.5]
[23:18:11] [Server thread/INFO]: [@: Teleported Ryuoniha120218 to -78.5, 49.0, -69.5]
[23:18:13] [Server thread/INFO]: [@] アスタルテ「でも、今回はそうはさせないわ。」
[23:18:16] [Server thread/INFO]: [@] アスタルテ「あなたと一緒にこの大災害を阻止するの。」
[23:18:21] [Server thread/INFO]: [@] アスタルテ「協力してくれるわよね？」
[23:18:27] [Server thread/INFO]: [@: Teleported Realnead9673 to 26.5, 51.0, -5.5]
[23:18:27] [Server thread/INFO]: [@: Teleported NatunoMETEOR to 26.5, 51.0, -5.5]
[23:18:27] [Server thread/INFO]: [@: Teleported oiipyy to 26.5, 51.0, -5.5]
[23:18:27] [Server thread/INFO]: [@: Teleported Ryuoniha120218 to 26.5, 51.0, -5.5]
[23:18:27] [Server thread/INFO]: [@: Teleported BuRiBuRiNasuo to 26.5, 51.0, -5.5]
[23:18:27] [Server thread/INFO]: [@: Teleported Ninzin_sanji to 26.5, 51.0, -5.5]
[23:18:37] [Server thread/INFO]: [@: Teleported Ryuoniha120218 to 27.5, 55.0, -45.5]
[23:18:37] [Server thread/INFO]: [@: Teleported oiipyy to 27.5, 55.0, -45.5]
[23:18:37] [Server thread/INFO]: [@: Teleported Realnead9673 to 27.5, 55.0, -45.5]
[23:18:37] [Server thread/INFO]: [@: Teleported BuRiBuRiNasuo to 27.5, 55.0, -45.5]
[23:18:37] [Server thread/INFO]: [@: Teleported NatunoMETEOR to 27.5, 55.0, -45.5]
[23:18:37] [Server thread/INFO]: [@: Teleported Ninzin_sanji to 27.5, 55.0, -45.5]
[23:18:54] [Server thread/INFO]: [@: Teleported Realnead9673 to -78.5, 49.0, -69.5]
[23:18:54] [Server thread/INFO]: [@: Teleported BuRiBuRiNasuo to -78.5, 49.0, -69.5]
[23:18:54] [Server thread/INFO]: [@: Teleported oiipyy to -78.5, 49.0, -69.5]
[23:18:54] [Server thread/INFO]: [@: Teleported Ninzin_sanji to -78.5, 49.0, -69.5]
[23:18:54] [Server thread/INFO]: [@: Teleported Ryuoniha120218 to -78.5, 49.0, -69.5]
[23:18:54] [Server thread/INFO]: [@: Teleported NatunoMETEOR to -78.5, 49.0, -69.5]
[23:19:13] [Server thread/WARN]: Can't keep up! Did the system time change, or is the server overloaded? Running 3735ms behind, skipping 74 tick(s)
[23:19:30] [Server thread/INFO]: Realnead9673 lost connection: TextComponent{text='Disconnected', siblings=[], style=Style{hasParent=false, color=null, bold=null, italic=null, underlined=null, obfuscated=null, clickEvent=null, hoverEvent=null, insertion=null}}
[23:19:30] [Server thread/INFO]: Realnead9673 left the game
[23:19:34] [Server thread/INFO]: BuRiBuRiNasuo lost connection: TextComponent{text='Disconnected', siblings=[], style=Style{hasParent=false, color=null, bold=null, italic=null, underlined=null, obfuscated=null, clickEvent=null, hoverEvent=null, insertion=null}}
[23:19:34] [Server thread/INFO]: BuRiBuRiNasuo left the game
[23:19:38] [Server thread/INFO]: NatunoMETEOR lost connection: TextComponent{text='Disconnected', siblings=[], style=Style{hasParent=false, color=null, bold=null, italic=null, underlined=null, obfuscated=null, clickEvent=null, hoverEvent=null, insertion=null}}
[23:19:38] [Server thread/INFO]: NatunoMETEOR left the game
[23:19:41] [Server thread/INFO]: Ryuoniha120218 lost connection: TextComponent{text='Disconnected', siblings=[], style=Style{hasParent=false, color=null, bold=null, italic=null, underlined=null, obfuscated=null, clickEvent=null, hoverEvent=null, insertion=null}}
[23:19:41] [Server thread/INFO]: Ryuoniha120218 left the game
[23:19:41] [Server thread/INFO]: Ninzin_sanji lost connection: TextComponent{text='Disconnected', siblings=[], style=Style{hasParent=false, color=null, bold=null, italic=null, underlined=null, obfuscated=null, clickEvent=null, hoverEvent=null, insertion=null}}
[23:19:41] [Server thread/INFO]: Ninzin_sanji left the game
[23:19:42] [Server thread/INFO]: oiipyy lost connection: TextComponent{text='Disconnected', siblings=[], style=Style{hasParent=false, color=null, bold=null, italic=null, underlined=null, obfuscated=null, clickEvent=null, hoverEvent=null, insertion=null}}
[23:19:42] [Server thread/INFO]: oiipyy left the game
[23:19:44] [Server thread/INFO]: Stopping the server
[23:19:44] [Server thread/INFO]: Stopping server
[23:19:44] [Server thread/INFO]: Saving players
[23:19:44] [Server thread/INFO]: Saving worlds
[23:19:44] [Server thread/INFO]: Saving chunks for level 'world'/Overworld
[23:19:44] [Server thread/INFO]: Saving chunks for level 'world'/Nether
[23:19:44] [Server thread/INFO]: Saving chunks for level 'world'/The End
[23:19:45] [Server Shutdown Thread/INFO]: Stopping server
