[00:01:36] [Server thread/INFO]: [@] アスタルテ「大きな雑貨屋さんね。とくに目ぼしいものはなさそうだけれど。寄ってみる？」
[00:01:41] [Server thread/INFO]: [@] 店員「先の戦争に負けてから輸入品が高くて全然売れないよ。」
[00:02:24] [Server thread/INFO]: [@: Set NatunoMETEOR's spawn point to (-458, 63, -536)]
[00:02:24] [Server thread/INFO]: [@: Set oiipyy's spawn point to (-444, 63, -542)]
[00:02:24] [Server thread/INFO]: [@: Set Realnead9673's spawn point to (-446, 64, -544)]
[00:02:24] [Server thread/INFO]: [@: Set Ryuoniha120218's spawn point to (-445, 64, -560)]
[00:02:24] [Server thread/INFO]: [@: Set Ninzin_sanji's spawn point to (-443, 63, -567)]
[00:02:44] [Server thread/INFO]: [@: Set Ninzin_sanji's spawn point to (-458, 63, -536)]
[00:02:44] [Server thread/INFO]: [@: Set Ryuoniha120218's spawn point to (-429, 64, -486)]
[00:02:44] [Server thread/INFO]: [@: Set NatunoMETEOR's spawn point to (-448, 65, -451)]
[00:02:44] [Server thread/INFO]: [@: Set oiipyy's spawn point to (-460, 71, -438)]
[00:02:44] [Server thread/INFO]: [@: Set Realnead9673's spawn point to (-460, 71, -437)]
[00:02:59] [Server thread/INFO]: [@: Set Realnead9673's spawn point to (-459, 66, -382)]
[00:02:59] [Server thread/INFO]: [@: Set NatunoMETEOR's spawn point to (-463, 66, -382)]
[00:02:59] [Server thread/INFO]: [@: Set oiipyy's spawn point to (-465, 66, -381)]
[00:02:59] [Server thread/INFO]: [@: Set Ryuoniha120218's spawn point to (-468, 71, -414)]
[00:02:59] [Server thread/INFO]: [@: Set Ninzin_sanji's spawn point to (-441, 65, -465)]
[00:03:01] [Server thread/INFO]: [@: Set NatunoMETEOR's spawn point to (-459, 66, -382)]
[00:03:01] [Server thread/INFO]: [@: Set Realnead9673's spawn point to (-460, 66, -382)]
[00:03:01] [Server thread/INFO]: [@: Set oiipyy's spawn point to (-461, 66, -382)]
[00:03:01] [Server thread/INFO]: [@: Set Ryuoniha120218's spawn point to (-460, 71, -406)]
[00:03:01] [Server thread/INFO]: [@: Set Ninzin_sanji's spawn point to (-450, 67, -450)]
[00:03:24] [Server thread/INFO]: [@: Set Ninzin_sanji's spawn point to (-458, 66, -382)]
[00:03:24] [Server thread/INFO]: [@: Set oiipyy's spawn point to (-461, 66, -381)]
[00:03:24] [Server thread/INFO]: [@: Set Realnead9673's spawn point to (-461, 66, -383)]
[00:03:24] [Server thread/INFO]: [@: Set NatunoMETEOR's spawn point to (-463, 66, -381)]
[00:03:24] [Server thread/INFO]: [@: Set Ryuoniha120218's spawn point to (-464, 67, -374)]
[00:04:45] [Server thread/INFO]: [@: Set Ryuoniha120218's spawn point to (-459, 66, -382)]
[00:04:45] [Server thread/INFO]: [@: Set Ninzin_sanji's spawn point to (-459, 66, -382)]
[00:04:45] [Server thread/INFO]: [@: Set oiipyy's spawn point to (-460, 66, -381)]
[00:04:45] [Server thread/INFO]: [@: Set Realnead9673's spawn point to (-464, 67, -384)]
[00:04:45] [Server thread/INFO]: [@: Set NatunoMETEOR's spawn point to (-427, 66, -391)]
[00:05:28] [Server thread/INFO]: [@] アーサー「我が遺産を破壊することは許さぬ」
[00:05:29] [Server thread/INFO]: [@] インベントリからツルハシと木材が消滅しました。
[00:05:31] [Server thread/INFO]: [@] アーサー「我が遺産を破壊することは許さぬ」
[00:05:31] [Server thread/INFO]: [@] インベントリからツルハシと木材が消滅しました。
[00:05:57] [Server thread/INFO]: [@] アーサー「我が遺産を破壊することは許さぬ」
[00:05:57] [Server thread/INFO]: [@] インベントリからツルハシと木材が消滅しました。
[00:06:04] [Server thread/INFO]: [@] アーサー「我が遺産を破壊することは許さぬ」
[00:06:04] [Server thread/INFO]: [@] インベントリからツルハシと木材が消滅しました。
[00:08:37] [Server thread/INFO]: Realnead9673 was slain by 愚かなる豚
[00:08:51] [Server thread/INFO]: [@] アーサー「我が遺産を破壊することは許さぬ」
[00:08:51] [Server thread/INFO]: [@] インベントリからツルハシと木材が消滅しました。
[00:09:29] [Server thread/INFO]: NatunoMETEOR was slain by 墓守の戦士
[00:10:08] [Server thread/INFO]: [@] アーサー「我が遺産を破壊することは許さぬ」
[00:10:08] [Server thread/INFO]: [@] インベントリからツルハシと木材が消滅しました。
[00:10:51] [Server thread/INFO]: Realnead9673 was shot by Ryuoniha120218
[00:11:04] [Server thread/INFO]: [@] アーサー「我が遺産を破壊することは許さぬ」
[00:11:05] [Server thread/INFO]: [@] インベントリからツルハシと木材が消滅しました。
[00:12:19] [Server thread/INFO]: [@] アーサー「我が遺産を破壊することは許さぬ」
[00:12:20] [Server thread/INFO]: [@] インベントリからツルハシと木材が消滅しました。
[00:12:29] [Server thread/INFO]: [@] アーサー「我が遺産を破壊することは許さぬ」
[00:12:29] [Server thread/INFO]: [@] インベントリからツルハシと木材が消滅しました。
[00:12:43] [Server thread/INFO]: [@] アーサー「我が遺産を破壊することは許さぬ」
[00:12:43] [Server thread/INFO]: [@] インベントリからツルハシと木材が消滅しました。
[00:12:59] [Server thread/INFO]: [@] アーサー「我が遺産を破壊することは許さぬ」
[00:12:59] [Server thread/INFO]: [@] インベントリからツルハシと木材が消滅しました。
[00:13:01] [Server thread/INFO]: [@] アーサー「我が遺産を破壊することは許さぬ」
[00:13:01] [Server thread/INFO]: [@] インベントリからツルハシと木材が消滅しました。
[00:13:04] [Server thread/INFO]: [@] アーサー「我が遺産を破壊することは許さぬ」
[00:13:04] [Server thread/INFO]: [@] インベントリからツルハシと木材が消滅しました。
[00:13:07] [Server thread/INFO]: [@] アーサー「我が遺産を破壊することは許さぬ」
[00:13:08] [Server thread/INFO]: [@] インベントリからツルハシと木材が消滅しました。
[00:13:47] [Server thread/INFO]: [@] アーサー「我が遺産を破壊することは許さぬ」
[00:13:48] [Server thread/INFO]: [@] インベントリからツルハシと木材が消滅しました。
[00:14:16] [Server thread/INFO]: [@: Set Realnead9673's spawn point to (-459, 63, -535)]
[00:14:16] [Server thread/INFO]: [@: Set NatunoMETEOR's spawn point to (-452, 64, -539)]
[00:14:16] [Server thread/INFO]: [@: Set oiipyy's spawn point to (-449, 63, -535)]
[00:14:16] [Server thread/INFO]: [@: Set Ninzin_sanji's spawn point to (-445, 82, -410)]
[00:14:16] [Server thread/INFO]: [@: Set Ryuoniha120218's spawn point to (-369, 72, -377)]
[00:14:18] [Server thread/INFO]: [@: Set NatunoMETEOR's spawn point to (-458, 63, -535)]
[00:14:18] [Server thread/INFO]: [@: Set Realnead9673's spawn point to (-459, 63, -538)]
[00:14:18] [Server thread/INFO]: [@: Set oiipyy's spawn point to (-452, 63, -535)]
[00:14:18] [Server thread/INFO]: [@: Set Ninzin_sanji's spawn point to (-452, 81, -413)]
[00:14:18] [Server thread/INFO]: [@: Set Ryuoniha120218's spawn point to (-377, 72, -377)]
[00:14:22] [Server thread/INFO]: [@] アーサー「我が遺産を破壊することは許さぬ」
[00:14:22] [Server thread/INFO]: [@] インベントリからツルハシと木材が消滅しました。
[00:14:28] [Server thread/INFO]: [@] アーサー「我が遺産を破壊することは許さぬ」
[00:14:28] [Server thread/INFO]: [@] インベントリからツルハシと木材が消滅しました。
[00:14:31] [Server thread/INFO]: [@] アーサー「我が遺産を破壊することは許さぬ」
[00:14:32] [Server thread/INFO]: [@] インベントリからツルハシと木材が消滅しました。
[00:15:59] [Server thread/INFO]: [Realnead9673: Given [Bed] * 5 to Realnead9673]
[00:16:25] [Server thread/INFO]: <Ryuoniha120218> zzzzzzz
[00:16:32] [Server thread/INFO]: <Ninzin_sanji> zzz
[00:16:35] [Server thread/INFO]: <Ryuoniha120218> Zzz
[00:16:46] [Server thread/INFO]: [Realnead9673: Teleported NatunoMETEOR to Realnead9673]
[00:16:59] [Server thread/INFO]: [@: Set Ryuoniha120218's spawn point to (-459, 63, -536)]
[00:16:59] [Server thread/INFO]: [@: Set Ninzin_sanji's spawn point to (-458, 63, -535)]
[00:16:59] [Server thread/INFO]: [@: Set oiipyy's spawn point to (-457, 63, -535)]
[00:16:59] [Server thread/INFO]: [@: Set Realnead9673's spawn point to (-452, 63, -539)]
[00:16:59] [Server thread/INFO]: [@: Set NatunoMETEOR's spawn point to (-448, 64, -542)]
[00:17:14] [Server thread/INFO]: [@] 銀行員「いらっしゃいませ。いかが致しましょうか？」
[00:17:49] [Server thread/INFO]: [@] アスタルテ「住宅街ね。町の人達が住んでいる。」
[00:19:10] [Server thread/INFO]: [@] アスタルテ「ここがジャングルの村ね。とても大きな木。ツリーハウスも。すごいところに来ちゃったわね。」
[00:19:53] [Server thread/INFO]: [@] 石になる呪いをかけられた姫君と恋に落ちた王子が、少女の呪いを解く金のリンゴを探して冒険に出る物語だ。
[00:19:58] [Server thread/INFO]: [@] 石になる呪いをかけられた姫君と恋に落ちた王子が、少女の呪いを解く金のリンゴを探して冒険に出る物語だ。
[00:22:24] [Server thread/INFO]: [@] 村人「この村では今でも木の上で暮らす風習が残っているよ。モンスターから身を守るために先人が残した知恵だね。」
[00:22:51] [Server thread/INFO]: [@] アスタルテ「ポーション屋さんね。いざというときに便利だし、何か買っていく？」
[00:23:49] [Server thread/INFO]: [@: Set Realnead9673's spawn point to (-834, 68, -596)]
[00:23:49] [Server thread/INFO]: [@: Set NatunoMETEOR's spawn point to (-836, 68, -597)]
[00:23:49] [Server thread/INFO]: [@: Set oiipyy's spawn point to (-832, 68, -596)]
[00:23:49] [Server thread/INFO]: [@: Set Ninzin_sanji's spawn point to (-830, 69, -597)]
[00:23:49] [Server thread/INFO]: [@: Set Ryuoniha120218's spawn point to (-829, 69, -593)]
[00:24:02] [Server thread/INFO]: [@: Set Ninzin_sanji's spawn point to (-836, 68, -596)]
[00:24:02] [Server thread/INFO]: [@: Set Ryuoniha120218's spawn point to (-835, 68, -597)]
[00:24:02] [Server thread/INFO]: [@: Set oiipyy's spawn point to (-837, 68, -597)]
[00:24:02] [Server thread/INFO]: [@: Set Realnead9673's spawn point to (-835, 69, -598)]
[00:24:02] [Server thread/INFO]: [@: Set NatunoMETEOR's spawn point to (-829, 71, -601)]
[00:24:06] [Server thread/INFO]: [@: Set Ninzin_sanji's spawn point to (-837, 68, -596)]
[00:24:06] [Server thread/INFO]: [@: Set Ryuoniha120218's spawn point to (-835, 68, -597)]
[00:24:06] [Server thread/INFO]: [@: Set oiipyy's spawn point to (-838, 68, -595)]
[00:24:06] [Server thread/INFO]: [@: Set Realnead9673's spawn point to (-835, 69, -598)]
[00:24:06] [Server thread/INFO]: [@: Set NatunoMETEOR's spawn point to (-827, 71, -600)]
[00:24:12] [Server thread/INFO]: [@: Set Ninzin_sanji's spawn point to (-837, 68, -595)]
[00:24:12] [Server thread/INFO]: [@: Set Ryuoniha120218's spawn point to (-835, 68, -596)]
[00:24:12] [Server thread/INFO]: [@: Set oiipyy's spawn point to (-837, 68, -596)]
[00:24:12] [Server thread/INFO]: [@: Set NatunoMETEOR's spawn point to (-833, 68, -593)]
[00:24:12] [Server thread/INFO]: [@: Set Realnead9673's spawn point to (-835, 69, -598)]
[00:24:24] [Server thread/INFO]: [@] アーサー「我が友の遺産を破壊することは許さぬ」
[00:24:24] [Server thread/INFO]: [@] インベントリからツルハシ、斧、木材が消滅しました。
[00:24:28] [Server thread/INFO]: [@] アーサー「我が友の遺産を破壊することは許さぬ」
[00:24:28] [Server thread/INFO]: [@] インベントリからツルハシ、斧、木材が消滅しました。
[00:24:36] [Server thread/INFO]: [@: Cleared the inventory of Ninzin_sanji, removing 1 items]
[00:24:36] [Server thread/INFO]: [@] アーサー「我が友の遺産を破壊することは許さぬ」
[00:24:36] [Server thread/INFO]: [@] インベントリからツルハシ、斧、木材が消滅しました。
[00:24:40] [Server thread/INFO]: [@] 王宮騎士「うわああ！！ いやだ！ 私はまだ奴らにはなりたくない！！ いやだ！！ なりたくな・・・ ｶﾞｶﾞｶﾞｶﾞｶﾞｶﾞｹｹｹｹｹｹｹ ｶﾀｶﾀｶﾀｶﾀｶﾀｶﾀ！！」
[00:25:20] [Server thread/INFO]: [@: Set Ryuoniha120218's spawn point to (-916, 101, -580)]
[00:25:20] [Server thread/INFO]: [@: Set oiipyy's spawn point to (-916, 101, -580)]
[00:25:20] [Server thread/INFO]: [@: Set NatunoMETEOR's spawn point to (-916, 101, -580)]
[00:25:20] [Server thread/INFO]: [@: Set Ninzin_sanji's spawn point to (-916, 101, -580)]
[00:25:20] [Server thread/INFO]: [@: Set Realnead9673's spawn point to (-916, 101, -580)]
[00:25:34] [Server thread/INFO]: [@] 朽ち果てた王宮騎士「ぐっ・・下の階の奥へ進みたくば、スイッチより５歩さがったところからスイッチを押せ・・・さらば・・だ・・・」
[00:25:35] [Server thread/INFO]: [@] 朽ち果てた王宮騎士「ぐっ・・下の階の奥へ進みたくば、スイッチより５歩さがったところからスイッチを押せ・・・さらば・・だ・・・」
[00:25:38] [Server thread/INFO]: [@] 朽ち果てた王宮騎士「ぐっ・・下の階の奥へ進みたくば、スイッチより５歩さがったところからスイッチを押せ・・・さらば・・だ・・・」
[00:28:12] [Server thread/INFO]: [@: Set Realnead9673's spawn point to (-917, 56, -645)]
[00:28:12] [Server thread/INFO]: [@: Set NatunoMETEOR's spawn point to (-917, 56, -645)]
[00:28:12] [Server thread/INFO]: [@: Set oiipyy's spawn point to (-917, 56, -645)]
[00:28:12] [Server thread/INFO]: [@: Set Ninzin_sanji's spawn point to (-917, 56, -645)]
[00:28:12] [Server thread/INFO]: [@: Set Ryuoniha120218's spawn point to (-917, 56, -645)]
[00:28:13] [Server thread/INFO]: [@] アーサー王の騎士「ランスロット様は私がお守りする。 我らの眠りを妨げる者よ、覚悟はよいか・・・・」
[00:28:27] [Server thread/INFO]: Realnead9673 was slain by アーサー王の騎士の英霊
[00:28:32] [Server thread/INFO]: oiipyy was slain by 墓守の戦士
[00:28:41] [Server thread/INFO]: [@: Set Ninzin_sanji's spawn point to (-893, 54, -645)]
[00:28:43] [Server thread/INFO]: [@] アーサー王の騎士「鍵は門の右の穴にかくしてある。 一つの錠は解かれた！！ もう一つは自分の手で解くがよい！！」
[00:28:45] [Server thread/INFO]: [@: Set NatunoMETEOR's spawn point to (-917, 56, -645)]
[00:28:45] [Server thread/INFO]: [@: Set Ryuoniha120218's spawn point to (-917, 56, -645)]
[00:28:45] [Server thread/INFO]: [@: Set oiipyy's spawn point to (-917, 56, -645)]
[00:28:45] [Server thread/INFO]: [@: Set Realnead9673's spawn point to (-917, 56, -645)]
[00:28:45] [Server thread/INFO]: [@: Set Ninzin_sanji's spawn point to (-917, 56, -645)]
[00:28:47] [Server thread/INFO]: [@: Set Realnead9673's spawn point to (-917, 56, -645)]
[00:28:47] [Server thread/INFO]: [@: Set Ryuoniha120218's spawn point to (-917, 56, -645)]
[00:28:47] [Server thread/INFO]: [@: Set NatunoMETEOR's spawn point to (-917, 56, -645)]
[00:28:47] [Server thread/INFO]: [@: Set oiipyy's spawn point to (-917, 56, -645)]
[00:28:47] [Server thread/INFO]: [@: Set Ninzin_sanji's spawn point to (-917, 56, -645)]
[00:28:49] [Server thread/INFO]: [@] アーサー王の騎士「鍵は門の右の穴にかくしてある。 一つの錠は解かれた！！ もう一つは自分の手で解くがよい！！」
[00:28:53] [Server thread/INFO]: [@: Set Realnead9673's spawn point to (-893, 54, -646)]
[00:29:14] [Server thread/INFO]: [@: Set oiipyy's spawn point to (-917, 56, -645)]
[00:29:14] [Server thread/INFO]: [@: Set Ryuoniha120218's spawn point to (-917, 56, -645)]
[00:29:14] [Server thread/INFO]: [@: Set NatunoMETEOR's spawn point to (-917, 56, -645)]
[00:29:14] [Server thread/INFO]: [@: Set Ninzin_sanji's spawn point to (-917, 56, -645)]
[00:29:14] [Server thread/INFO]: [@: Set Realnead9673's spawn point to (-917, 56, -645)]
[00:29:23] [Server thread/INFO]: [@] アーサー王の騎士「鍵は門の右の穴にかくしてある。 一つの錠は解かれた！！ もう一つは自分の手で解くがよい！！」
[00:29:27] [Server thread/INFO]: [@: Set Ryuoniha120218's spawn point to (-917, 56, -645)]
[00:29:27] [Server thread/INFO]: [@: Set NatunoMETEOR's spawn point to (-917, 56, -645)]
[00:29:27] [Server thread/INFO]: [@: Set oiipyy's spawn point to (-917, 56, -645)]
[00:29:27] [Server thread/INFO]: [@: Set Ninzin_sanji's spawn point to (-917, 56, -645)]
[00:29:27] [Server thread/INFO]: [@: Set Realnead9673's spawn point to (-917, 56, -645)]
[00:29:27] [Server thread/INFO]: [@: Set oiipyy's spawn point to (-893, 54, -646)]
[00:29:35] [Server thread/INFO]: [@: Set NatunoMETEOR's spawn point to (-917, 56, -645)]
[00:29:35] [Server thread/INFO]: [@: Set oiipyy's spawn point to (-917, 56, -645)]
[00:29:35] [Server thread/INFO]: [@: Set Ryuoniha120218's spawn point to (-917, 56, -645)]
[00:29:35] [Server thread/INFO]: [@: Set Ninzin_sanji's spawn point to (-917, 56, -645)]
[00:29:35] [Server thread/INFO]: [@: Set Realnead9673's spawn point to (-917, 56, -645)]
[00:29:37] [Server thread/INFO]: [@: Set Ryuoniha120218's spawn point to (-893, 54, -646)]
[00:29:44] [Server thread/INFO]: [@: Set Realnead9673's spawn point to (-885, 69, -588)]
[00:29:44] [Server thread/INFO]: [@: Set Ninzin_sanji's spawn point to (-885, 69, -588)]
[00:29:44] [Server thread/INFO]: [@: Set oiipyy's spawn point to (-885, 69, -588)]
[00:29:44] [Server thread/INFO]: [@: Set Ryuoniha120218's spawn point to (-885, 69, -588)]
[00:29:44] [Server thread/INFO]: [@: Set NatunoMETEOR's spawn point to (-885, 69, -588)]
[00:29:44] [Server thread/INFO]: [@] アーサー王の騎士達「我らアーサー王騎士団。 全力でランスロット様をお守りせん！！」
[00:29:51] [Server thread/INFO]: [@: Set NatunoMETEOR's spawn point to (-917, 56, -645)]
[00:29:51] [Server thread/INFO]: [@: Set oiipyy's spawn point to (-917, 56, -645)]
[00:29:51] [Server thread/INFO]: [@: Set Ryuoniha120218's spawn point to (-917, 56, -645)]
[00:29:51] [Server thread/INFO]: [@: Set Ninzin_sanji's spawn point to (-917, 56, -645)]
[00:29:51] [Server thread/INFO]: [@: Set Realnead9673's spawn point to (-917, 56, -645)]
[00:29:53] [Server thread/INFO]: [@: Set oiipyy's spawn point to (-917, 56, -645)]
[00:29:53] [Server thread/INFO]: [@: Set Ryuoniha120218's spawn point to (-917, 56, -645)]
[00:29:53] [Server thread/INFO]: [@: Set NatunoMETEOR's spawn point to (-917, 56, -645)]
[00:29:53] [Server thread/INFO]: [@: Set Ninzin_sanji's spawn point to (-917, 56, -645)]
[00:29:53] [Server thread/INFO]: [@: Set Realnead9673's spawn point to (-917, 56, -645)]
[00:29:55] [Server thread/INFO]: [@: Set NatunoMETEOR's spawn point to (-917, 56, -645)]
[00:29:55] [Server thread/INFO]: [@: Set oiipyy's spawn point to (-917, 56, -645)]
[00:29:55] [Server thread/INFO]: [@: Set Ryuoniha120218's spawn point to (-917, 56, -645)]
[00:29:55] [Server thread/INFO]: [@: Set Ninzin_sanji's spawn point to (-917, 56, -645)]
[00:29:55] [Server thread/INFO]: [@: Set Realnead9673's spawn point to (-917, 56, -645)]
[00:30:00] [Server thread/INFO]: [@: Set Ryuoniha120218's spawn point to (-917, 56, -645)]
[00:30:00] [Server thread/INFO]: [@: Set oiipyy's spawn point to (-917, 56, -645)]
[00:30:00] [Server thread/INFO]: [@: Set NatunoMETEOR's spawn point to (-917, 56, -645)]
[00:30:00] [Server thread/INFO]: [@: Set Ninzin_sanji's spawn point to (-917, 56, -645)]
[00:30:00] [Server thread/INFO]: [@: Set Realnead9673's spawn point to (-917, 56, -645)]
[00:31:29] [Server thread/INFO]: [@] ランスロット「誰だ、私の眠りを妨げる者は」
[00:31:48] [Server thread/INFO]: NatunoMETEOR was burnt to a crisp whilst fighting サー・ランスロット
[00:31:53] [Server thread/INFO]: [@: Set NatunoMETEOR's spawn point to (-917, 56, -645)]
[00:31:53] [Server thread/INFO]: [@: Set oiipyy's spawn point to (-917, 56, -645)]
[00:31:53] [Server thread/INFO]: [@: Set Ryuoniha120218's spawn point to (-917, 56, -645)]
[00:31:53] [Server thread/INFO]: [@: Set Ninzin_sanji's spawn point to (-917, 56, -645)]
[00:31:53] [Server thread/INFO]: [@: Set Realnead9673's spawn point to (-917, 56, -645)]
[00:33:01] [Server thread/INFO]: [@] アーサー「我が友の遺産を破壊することは許さぬ」
[00:33:02] [Server thread/INFO]: [@] インベントリからツルハシ、斧、木材が消滅しました。
[00:33:12] [Server thread/INFO]: [@] アーサー「我が友の遺産を破壊することは許さぬ」
[00:33:12] [Server thread/INFO]: [@] インベントリからツルハシ、斧、木材が消滅しました。
[00:34:29] [Server thread/INFO]: [Realnead9673: Given [Bed] * 4 to Realnead9673]
[00:37:32] [Server thread/INFO]: [@] アスタルテ「ここが港町ね。潮の匂いがきもちいい。」
[00:37:39] [Server thread/INFO]: [@] アスタルテ「ここが港町ね。潮の匂いがきもちいい。」
[00:37:41] [Server thread/INFO]: [@] アスタルテ「ここが港町ね。潮の匂いがきもちいい。」
[00:37:42] [Server thread/INFO]: [@] アスタルテ「ここが港町ね。潮の匂いがきもちいい。」
[00:37:55] [Server thread/INFO]: [Realnead9673: Teleported Realnead9673 to Realnead9673]
[00:37:55] [Server thread/INFO]: [Realnead9673: Teleported Ninzin_sanji to Realnead9673]
[00:37:55] [Server thread/INFO]: [Realnead9673: Teleported Ryuoniha120218 to Realnead9673]
[00:37:55] [Server thread/INFO]: [Realnead9673: Teleported NatunoMETEOR to Realnead9673]
[00:37:55] [Server thread/INFO]: [Realnead9673: Teleported oiipyy to Realnead9673]
[00:38:16] [Server thread/INFO]: [@] アスタルテ「町の商会ね。船の手配などはここで頼めるわ。」
[00:38:19] [Server thread/INFO]: [@] アスタルテ「船の手配に忙しそうね。ちょっと港の酒場にでも寄って行かない？」
[00:38:36] [Server thread/INFO]: [@] 本棚の書類の隙間にちょっとエッチな本を見つけた。
[00:38:58] [Server thread/INFO]: [@] アスタルテ「きれいなビーチね！！  すこし泳いでいかない？」
[00:39:05] [Server thread/INFO]: [@] 貿易商「輸入品の価格がバカみたいに高騰したからやってられないよ。不作の時は海外の農作物を頼るしかないのに。」
[00:39:11] [Server thread/INFO]: [@] アスタルテ「酒場ね。何か有用な情報が得られるかも。でもお酒臭いのはちょっと勘弁かな。」
[00:39:15] [Server thread/INFO]: [@] バーテンダー「王宮騎士団の長、カルドウェル提督は熱い男でな。来るたびにこの国への熱い思いを語るんだ。」
[00:39:15] [Server thread/INFO]: [@] アスタルテ「何かのモニュメントか、それとも誰かのお墓かしら。なんだか少しロマンチックね。この場所。」
[00:39:24] [Server thread/INFO]: [@] アスタルテ「何かのモニュメントか、それとも誰かのお墓かしら。なんだか少しロマンチックね。この場所。」
[00:39:26] [Server thread/INFO]: [@] アスタルテ「何かのモニュメントか、それとも誰かのお墓かしら。なんだか少しロマンチックね。この場所。」
[00:39:28] [Server thread/INFO]: [@] アスタルテ「何かのモニュメントか、それとも誰かのお墓かしら。なんだか少しロマンチックね。この場所。」
[00:39:30] [Server thread/INFO]: [@] アスタルテ「何かのモニュメントか、それとも誰かのお墓かしら。なんだか少しロマンチックね。この場所。」
[00:39:37] [Server thread/INFO]: [@] アスタルテ「あの停泊している戦艦に、王宮騎士団のリーダーみたいな人は乗ってないかしら。」
[00:39:42] [Server thread/INFO]: [@] アスタルテ「あの停泊している戦艦に、王宮騎士団のリーダーみたいな人は乗ってないかしら。」
[00:39:54] [Server thread/INFO]: [@] 旅館の主「そこに停泊している戦艦の所有者は王宮騎士団の長、カルドウェルっていう生真面目なやつなんだがな。どうやら今の王宮に不満を持っているらしい。」
[00:40:30] [Server thread/INFO]: [@] 武器屋店主「おう、海に出るときに有用な特別な防具を揃えてるぜ！」
[00:41:28] [Server thread/INFO]: [@] アスタルテ「小さな商船ね。こんな船でもすごく沢山の荷物を積んでいるわね。」
[00:41:39] [Server thread/INFO]: [@] アスタルテ「王宮騎士団の軍艦ね。軍艦だけあって流石に大きいわね。中に入って手がかりを探してみましょう。」
[00:42:22] [Server thread/INFO]: [@] アスタルテ「酒場ね。何か有用な情報が得られるかも。でもお酒臭いのはちょっと勘弁かな。」
[00:42:36] [Server thread/INFO]: [@] アスタルテ「あの停泊している戦艦に、王宮騎士団のリーダーみたいな人は乗ってないかしら。」
[00:42:39] [Server thread/INFO]: [@] バーテンダー「王宮騎士団の長、カルドウェル提督は熱い男でな。来るたびにこの国への熱い思いを語るんだ。」
[00:43:11] [Server thread/INFO]: [@] アスタルテ「小さな商船ね。こんな船でもすごく沢山の荷物を積んでいるわね。」
[00:43:33] [Server thread/INFO]: [@] アスタルテ「小さな商船ね。こんな船でもすごく沢山の荷物を積んでいるわね。」
[00:43:47] [Server thread/INFO]: [@] アスタルテ「商会の所有する商船ね。とっても大きいわね。船旅って一度してみたかったのよね。」
[00:43:55] [Server thread/INFO]: [@] アスタルテ「商会の所有する商船ね。とっても大きいわね。船旅って一度してみたかったのよね。」
[00:45:00] [Server thread/INFO]: [@] アスタルテ「教会ね。船旅に出る前に旅の安全を祈りましょう？」
[00:46:36] [Server thread/INFO]: [@] アスタルテ「王宮騎士団の軍艦ね。軍艦だけあって流石に大きいわね。中に入って手がかりを探してみましょう。」
[00:47:08] [Server thread/WARN]: Ninzin_sanji moved wrongly!
[00:47:15] [Server thread/INFO]: <NatunoMETEOR> tdw
[00:48:44] [Server thread/INFO]: [@] ドーソン「やぁ、君が船を探しているっていう旅人さんだね？ボクはかぼちゃダルマのドーソンっていうんだ   よろしくね！」
[00:48:48] [Server thread/INFO]: [@] ドーソン「早速船を手配するよ。しっかし王宮騎士団の戦艦を追うだなんて、君たちは一体何をするつもりなんだい？
[00:48:52] [Server thread/INFO]: [@] ドーソン「まあいいや、余計な詮索はしないでおくよ。」
[00:48:53] [Server thread/INFO]: [@] ドーソン「ほら、船の準備ができたよ！  早速出発だ！  ボンボヤージュ！！」
[00:48:55] [Server thread/INFO]: [@: Teleported oiipyy to 155.5,63.5,-1034.5]
[00:48:55] [Server thread/INFO]: [@: Teleported Ryuoniha120218 to 155.5,63.5,-1034.5]
[00:48:55] [Server thread/INFO]: [@: Teleported NatunoMETEOR to 155.5,63.5,-1034.5]
[00:48:55] [Server thread/INFO]: [@: Teleported Ninzin_sanji to 155.5,63.5,-1034.5]
[00:48:55] [Server thread/INFO]: [@: Teleported Realnead9673 to 155.5,63.5,-1034.5]
[00:48:59] [Server thread/INFO]: [@: Set Ninzin_sanji's spawn point to (156, 63, -1037)]
[00:49:01] [Server thread/INFO]: [@: Set NatunoMETEOR's spawn point to (156, 63, -1037)]
[00:49:39] [Server thread/INFO]: [@] ドーソン「港に戻るよ？ あー疲れた。」
[00:49:40] [Server thread/INFO]: [@: Teleported Realnead9673 to -89.5,64.5,-892.5]
[00:49:40] [Server thread/INFO]: [@: Teleported Ninzin_sanji to -89.5,64.5,-892.5]
[00:49:40] [Server thread/INFO]: [@: Teleported NatunoMETEOR to -89.5,64.5,-892.5]
[00:49:40] [Server thread/INFO]: [@: Teleported oiipyy to -89.5,64.5,-892.5]
[00:49:40] [Server thread/INFO]: [@: Teleported Ryuoniha120218 to -89.5,64.5,-892.5]
[00:50:30] [Server thread/INFO]: [@] アスタルテ「教会ね。船旅に出る前に旅の安全を祈りましょう？」
[00:51:28] [Server thread/INFO]: [@] アスタルテ「町の商会ね。船の手配などはここで頼めるわ。」
[00:51:41] [Server thread/INFO]: [@] 腕っ節の強そうな受付 「よぉ、アスタルテって可愛い子ちゃんが言ってたのはあんたのことかい。」
[00:51:49] [Server thread/INFO]: [@] ドーソン「やぁ、君が船を探しているっていう旅人さんだね？ボクはかぼちゃダルマのドーソンっていうんだ   よろしくね！」
[00:51:52] [Server thread/INFO]: [@] ドーソン「早速船を手配するよ。しっかし王宮騎士団の戦艦を追うだなんて、君たちは一体何をするつもりなんだい？
[00:51:56] [Server thread/INFO]: [@] ドーソン「まあいいや、余計な詮索はしないでおくよ。」
[00:51:58] [Server thread/INFO]: [@] ドーソン「ほら、船の準備ができたよ！  早速出発だ！  ボンボヤージュ！！」
[00:52:00] [Server thread/INFO]: [@: Teleported NatunoMETEOR to 155.5,63.5,-1034.5]
[00:52:00] [Server thread/INFO]: [@: Teleported Realnead9673 to 155.5,63.5,-1034.5]
[00:52:00] [Server thread/INFO]: [@: Teleported Ninzin_sanji to 155.5,63.5,-1034.5]
[00:52:00] [Server thread/INFO]: [@: Teleported oiipyy to 155.5,63.5,-1034.5]
[00:52:00] [Server thread/INFO]: [@: Teleported Ryuoniha120218 to 155.5,63.5,-1034.5]
[00:52:06] [Server thread/INFO]: [@: Set NatunoMETEOR's spawn point to (155, 63, -1037)]
[00:52:13] [Server thread/INFO]: [@: Set Ryuoniha120218's spawn point to (156, 63, -1037)]
[00:53:58] [Server thread/INFO]: [@] アーサー「我が友の遺産を破壊することは許さぬ」　
[00:54:05] [Server thread/INFO]: [@] アーサー「我が友の遺産を破壊することは許さぬ」　
[00:54:06] [Server thread/INFO]: [Realnead9673: Teleported Realnead9673 to Realnead9673]
[00:54:06] [Server thread/INFO]: [Realnead9673: Teleported NatunoMETEOR to Realnead9673]
[00:54:06] [Server thread/INFO]: [Realnead9673: Teleported Ninzin_sanji to Realnead9673]
[00:54:06] [Server thread/INFO]: [Realnead9673: Teleported Ryuoniha120218 to Ninzin_sanji]
[00:54:06] [Server thread/INFO]: [Realnead9673: Teleported oiipyy to Ryuoniha120218]
[00:54:07] [Server thread/INFO]: [@] アーサー「我が友の遺産を破壊することは許さぬ」　
[00:54:12] [Server thread/INFO]: [@] アーサー「我が友の遺産を破壊することは許さぬ」　
[00:54:13] [Server thread/INFO]: [@] アーサー「我が友の遺産を破壊することは許さぬ」　
[00:55:00] [Server thread/INFO]: Ryuoniha120218 was slain by NatunoMETEOR
[00:55:35] [Server thread/INFO]: Realnead9673 was slain by アーサーの戦士の英霊
[00:55:40] [Server thread/INFO]: NatunoMETEOR was slain by アーサーの戦士の英霊
[00:55:51] [Server thread/INFO]: [Realnead9673: Teleported Realnead9673 to NatunoMETEOR]
[00:56:04] [Server thread/INFO]: [Realnead9673: Teleported Realnead9673 to NatunoMETEOR]
[00:56:13] [Server thread/INFO]: [@: Cleared the inventory of NatunoMETEOR, removing 2 items]
[00:56:13] [Server thread/INFO]: [@] アーサー「我が友の遺産を破壊することは許さぬ」　
[00:56:14] [Server thread/INFO]: [@] アーサー「我が友の遺産を破壊することは許さぬ」　
[00:56:31] [Server thread/INFO]: [@: Cleared the inventory of Ryuoniha120218, removing 2 items]
[00:56:31] [Server thread/INFO]: [@] アーサー「我が友の遺産を破壊することは許さぬ」　
[00:57:09] [Server thread/INFO]: Realnead9673 was fireballed by アーサーの魔導師の英霊
[00:57:18] [Server thread/INFO]: [Realnead9673: Teleported Realnead9673 to Ryuoniha120218]
[00:57:27] [Server thread/INFO]: [@] アーサー王の騎士達「あの災厄を繰り返そうというのか。愚かな者共よ。   奥の間ヘは通さん。ここで死せ！！」
[00:57:27] [Server thread/INFO]: [@: Set oiipyy's spawn point to (268, 24, -967)]
[00:57:27] [Server thread/INFO]: [@: Set NatunoMETEOR's spawn point to (268, 24, -967)]
[00:57:27] [Server thread/INFO]: [@: Set Ninzin_sanji's spawn point to (268, 24, -967)]
[00:57:27] [Server thread/INFO]: [@: Set Realnead9673's spawn point to (268, 24, -967)]
[00:57:27] [Server thread/INFO]: [@: Set Ryuoniha120218's spawn point to (268, 24, -967)]
[00:58:06] [Server thread/INFO]: NatunoMETEOR was slain by Ninzin_sanji
[00:58:36] [Server thread/WARN]: Ryuoniha120218 moved wrongly!
[00:58:49] [Server thread/INFO]: [@] アーサー王の騎士「一つの錠は解かれた。力を欲すものよ、進むがよい。」
[01:00:42] [Server thread/INFO]: [@] アーサー王の騎士「一つの錠は解かれた。力を欲すものよ、進むがよい。」　
[01:00:42] [Server thread/INFO]: [@: Set oiipyy's spawn point to (275, 43, -985)]
[01:00:42] [Server thread/INFO]: [@: Set Ninzin_sanji's spawn point to (275, 43, -985)]
[01:00:42] [Server thread/INFO]: [@: Set NatunoMETEOR's spawn point to (275, 43, -985)]
[01:00:42] [Server thread/INFO]: [@: Set Ryuoniha120218's spawn point to (275, 43, -985)]
[01:00:42] [Server thread/INFO]: [@: Set Realnead9673's spawn point to (275, 43, -985)]
[01:01:35] [Server thread/INFO]: [Realnead9673: Teleported Realnead9673 to Realnead9673]
[01:01:35] [Server thread/INFO]: [Realnead9673: Teleported NatunoMETEOR to Realnead9673]
[01:01:35] [Server thread/INFO]: [Realnead9673: Teleported Ninzin_sanji to Realnead9673]
[01:01:35] [Server thread/INFO]: [Realnead9673: Teleported oiipyy to Ninzin_sanji]
[01:01:35] [Server thread/INFO]: [Realnead9673: Teleported Ryuoniha120218 to Ninzin_sanji]
[01:02:09] [Server thread/INFO]: oiipyy drowned
[01:02:37] [Server thread/INFO]: [@: Played sound 'random.explode' to Realnead9673]
[01:02:37] [Server thread/INFO]: [@] 王宮騎士団隊長「やった！  宝剣を手に入れたぞ！！  総員！！ 撤収せよ！」
[01:02:37] [Server thread/INFO]: [@: Played sound 'random.explode' to Realnead9673]
[01:02:40] [Server thread/INFO]: [@] ガウェイン「フン・・小賢しい。」
[01:02:42] [Server thread/INFO]: [@] ガウェイン「ほう・・・貴様・・・宝剣を盗んでいった輩とは違うな・・」
[01:02:48] [Server thread/INFO]: [@] ガウェイン「貴様のような者と相まみえる日を楽しみにしていた。」
[01:02:52] [Server thread/INFO]: [@] アーサー「我が友の遺産を破壊することは許さぬ」　
[01:03:19] [Server thread/INFO]: oiipyy drowned
[01:03:26] [Server thread/INFO]: [Realnead9673: Teleported Realnead9673 to Ninzin_sanji]
[01:03:30] [Server thread/INFO]: [@] アーサー「我が友の遺産を破壊することは許さぬ」　
[01:03:46] [Server thread/INFO]: Realnead9673 was burnt to a crisp whilst fighting ガウェイン
[01:03:55] [Server thread/INFO]: Ninzin_sanji was slain by NatunoMETEOR
[01:03:58] [Server thread/INFO]: Ryuoniha120218 was burnt to a crisp whilst fighting Realnead9673
[01:03:58] [Server thread/INFO]: [Realnead9673: Teleported Realnead9673 to Ninzin_sanji]
[01:03:58] [Server thread/INFO]: oiipyy drowned
[01:05:10] [Server thread/INFO]: NatunoMETEOR drowned
[01:07:40] [Server thread/INFO]: [Realnead9673: Teleported Realnead9673 to Ninzin_sanji]
[01:07:46] [Server thread/INFO]: [@] アーサー「我が友の遺産を破壊することは許さぬ」　
[01:07:51] [Server thread/INFO]: [@] アーサー「我が友の遺産を破壊することは許さぬ」　
[01:07:58] [Server thread/INFO]: [@] アーサー「我が友の遺産を破壊することは許さぬ」　
[01:08:00] [Server thread/INFO]: [@] アーサー「我が友の遺産を破壊することは許さぬ」　
[01:08:02] [Server thread/INFO]: [@] アーサー「我が友の遺産を破壊することは許さぬ」　
[01:08:03] [Server thread/INFO]: [@] アーサー「我が友の遺産を破壊することは許さぬ」　
[01:08:13] [Server thread/INFO]: [@] アーサー「我が友の遺産を破壊することは許さぬ」　
[01:08:23] [Server thread/INFO]: [@] アーサー「我が友の遺産を破壊することは許さぬ」　
[01:08:45] [Server thread/INFO]: [@: Set Realnead9673's spawn point to (156, 64, -1036)]
[01:08:51] [Server thread/INFO]: oiipyy drowned
[01:09:03] [Server thread/INFO]: [@] ドーソン「港に戻るよ？ あー疲れた。」
[01:09:04] [Server thread/INFO]: [@: Teleported Ryuoniha120218 to -89.5,64.5,-892.5]
[01:09:04] [Server thread/INFO]: [@: Teleported Ninzin_sanji to -89.5,64.5,-892.5]
[01:09:04] [Server thread/INFO]: [@: Teleported Realnead9673 to -89.5,64.5,-892.5]
[01:09:04] [Server thread/INFO]: [@: Teleported NatunoMETEOR to -89.5,64.5,-892.5]
[01:09:04] [Server thread/INFO]: [@: Teleported oiipyy to -89.5,64.5,-892.5]
[01:09:48] [Server thread/INFO]: [Realnead9673: Given [Bed] * 3 to Realnead9673]
[01:09:59] [Server thread/INFO]: [Realnead9673: Teleported Realnead9673 to Realnead9673]
[01:09:59] [Server thread/INFO]: [Realnead9673: Teleported oiipyy to Realnead9673]
[01:09:59] [Server thread/INFO]: [Realnead9673: Teleported NatunoMETEOR to Realnead9673]
[01:09:59] [Server thread/INFO]: [Realnead9673: Teleported Ryuoniha120218 to Realnead9673]
[01:09:59] [Server thread/INFO]: [Realnead9673: Teleported Ninzin_sanji to Realnead9673]
[01:10:27] [Server thread/INFO]: <Ninzin_sanji> ty
[01:10:40] [Server thread/INFO]: [Realnead9673: Teleported Realnead9673 to Realnead9673]
[01:10:40] [Server thread/INFO]: [Realnead9673: Teleported Ninzin_sanji to Realnead9673]
[01:10:40] [Server thread/INFO]: [Realnead9673: Teleported oiipyy to Realnead9673]
[01:10:40] [Server thread/INFO]: [Realnead9673: Teleported NatunoMETEOR to Realnead9673]
[01:10:40] [Server thread/INFO]: [Realnead9673: Teleported Ryuoniha120218 to Realnead9673]
[01:11:18] [Server thread/WARN]: oiipyy moved wrongly!
[01:11:29] [Server thread/INFO]: [@] アスタルテ「北方要塞は目の前だけど、少しここで休憩させてもらいましょうか。」
[01:11:34] [Server thread/INFO]: [@: Set Realnead9673's spawn point to (-23, 71, -558)]
[01:11:37] [Server thread/INFO]: [@: Set oiipyy's spawn point to (-23, 71, -558)]
[01:11:42] [Server thread/INFO]: [@: Set Ryuoniha120218's spawn point to (-23, 71, -558)]
[01:11:45] [Server thread/INFO]: [@: Set NatunoMETEOR's spawn point to (-23, 71, -558)]
[01:12:36] [Server thread/INFO]: [@] 歩哨「侵入者を確認！！！   繰り返す！！   侵入者を確認！！」
[01:12:36] [Server thread/INFO]: [@: Changing to rainy weather]
[01:12:39] [Server thread/INFO]: [@] 歩哨「総員！！ 直ちにこれを迎撃せよ！！」
[01:12:43] [Server thread/INFO]: [@] アスタルテ「・・・・情報によると、カルドウェル提督のいる司令塔の門は4つの塔のスイッチによって管理されているそうよ。」
[01:12:48] [Server thread/INFO]: [@] アスタルテ「まずは4つのスイッチを見つけましょう！」
[01:12:48] [Server thread/INFO]: [@: Set the time to 6588000]
[01:13:03] [Server thread/INFO]: Realnead9673 was slain by 王宮騎士
[01:14:19] [Server thread/INFO]: [@] アスタルテ「今のでスイッチの一つを起動させたわね。」
[01:15:20] [Server thread/INFO]: [@] アスタルテ「今のでスイッチの一つを起動させたわね。」
[01:15:29] [Server thread/INFO]: Realnead9673 was slain by バーサーカー
[01:16:32] [Server thread/INFO]: [@] アスタルテ「今のでスイッチの一つを起動させたわね。」
[01:17:25] [Server thread/INFO]: Ryuoniha120218 was slain by 王宮騎士
[01:18:09] [Server thread/INFO]: [@] アスタルテ「今のでスイッチの一つを起動させたわね。」
[01:18:10] [Server thread/INFO]: [@] 司令塔への門が開いた
[01:18:10] [Server thread/INFO]: [@: Played sound 'tile.piston.out' to Ryuoniha120218]
[01:18:10] [Server thread/INFO]: [@: Played sound 'tile.piston.out' to oiipyy]
[01:18:10] [Server thread/INFO]: [@: Played sound 'tile.piston.out' to Ninzin_sanji]
[01:18:10] [Server thread/INFO]: [@: Played sound 'tile.piston.out' to Realnead9673]
[01:18:10] [Server thread/INFO]: [@: Played sound 'tile.piston.out' to NatunoMETEOR]
[01:18:42] [Server thread/INFO]: Ryuoniha120218 was slain by 王宮騎士精鋭部隊
[01:18:57] [Server thread/INFO]: Realnead9673 was slain by 王宮騎士精鋭部隊
[01:19:22] [Server thread/INFO]: [@] カルドウェル「この国は生まれ変わらねばならぬ！ 誰の言いなりにもならぬ、強い国に！」
[01:19:44] [Server thread/INFO]: [@] カルドウェル「私はまだ負けるわけにはいかぬ！！　覚悟は良いか！！」
[01:20:02] [Server thread/INFO]: Realnead9673 was killed trying to hurt カルドウェル
[01:20:06] [Server thread/INFO]: [@] カルドウェル「私はまだ負けるわけにはいかぬ！！　覚悟は良いか！！」
[01:20:10] [Server thread/INFO]: [Realnead9673: Teleported Realnead9673 to Ninzin_sanji]
[01:20:12] [Server thread/INFO]: [@] カルドウェル「私はまだ負けるわけにはいかぬ！！　覚悟は良いか！！」
[01:20:14] [Server thread/INFO]: Ryuoniha120218 was slain by Ninzin_sanji using [洞爺湖の木刀]
[01:20:30] [Server thread/INFO]: [@] カルドウェル「ぐ・・・　私は・・この国を・・・・　無念・・・・」
[01:23:47] [Server thread/INFO]: Ryuoniha120218 was burnt to a crisp whilst fighting Realnead9673
[01:26:43] [Server thread/WARN]: oiipyy moved wrongly!
[01:28:01] [Server thread/INFO]: [Realnead9673: Teleported Realnead9673 to Realnead9673]
[01:28:01] [Server thread/INFO]: [Realnead9673: Teleported NatunoMETEOR to Realnead9673]
[01:28:01] [Server thread/INFO]: [Realnead9673: Teleported Ninzin_sanji to NatunoMETEOR]
[01:28:01] [Server thread/INFO]: [Realnead9673: Teleported Ryuoniha120218 to Ninzin_sanji]
[01:28:01] [Server thread/INFO]: [Realnead9673: Teleported oiipyy to Ninzin_sanji]
[01:28:06] [Server thread/INFO]: [@] アスタルテ「長い・・本当に長い時間だったわ。」
[01:28:12] [Server thread/INFO]: [@] アスタルテ「皆私のことを怖がって・・・ずっと一人ぼっちで・・・・」
[01:28:17] [Server thread/INFO]: [@] アスタルテ「長い間、暗い部屋の中で・・・ひとりぼっち・・・」
[01:28:24] [Server thread/INFO]: [@] アスタルテ「・・・・・・でも遂にこの時が来たわ！！」
[01:28:28] [Server thread/INFO]: [@] アスタルテ「私は！！みんなと一緒にこの世界で生きたい！！」
[01:28:34] [Server thread/INFO]: [@] アスタルテ「だから絶対！！この儀式は成功させるわ！！」
[01:28:39] [Server thread/INFO]: [@] アスタルテ「誰にも邪魔はさせない！アーサーにも！カルドウェル一族にも！」
[01:28:52] [Server thread/INFO]: [@] アスタルテ「アハ・・・アハハハハハハハハハハ・・・・・・」
[01:28:57] [Server thread/INFO]: [@] アスタルテ「漆黒の頭蓋骨は揃った！！」
[01:29:01] [Server thread/INFO]: [@] アスタルテ「エクスカリバーも、サジタリウスもこの手にあるわ！」
[01:29:04] [Server thread/INFO]: [@] アスタルテ「さあ！！儀式を初めましょう！！」
[01:29:06] [Server thread/INFO]: [@] アスタルテ「奥の部屋にワープの術式があるの。それで祭壇までワープしましょう。」
[01:29:13] [Server thread/INFO]: [@] アスタルテ「さ、 いきましょ？」
[01:29:15] [Server thread/INFO]: [@: Teleported Ninzin_sanji to -800.5,66.5,-1105.5]
[01:29:15] [Server thread/INFO]: [@: Teleported oiipyy to -800.5,66.5,-1105.5]
[01:29:15] [Server thread/INFO]: [@: Teleported Realnead9673 to -800.5,66.5,-1105.5]
[01:29:15] [Server thread/INFO]: [@: Teleported Ryuoniha120218 to -800.5,66.5,-1105.5]
[01:29:15] [Server thread/INFO]: [@: Teleported NatunoMETEOR to -800.5,66.5,-1105.5]
[01:29:15] [Server thread/INFO]: [@: Set Ninzin_sanji's spawn point to (-801, 68, -1106)]
[01:29:15] [Server thread/INFO]: [@: Set NatunoMETEOR's spawn point to (-801, 68, -1106)]
[01:29:15] [Server thread/INFO]: [@: Set oiipyy's spawn point to (-801, 68, -1106)]
[01:29:15] [Server thread/INFO]: [@: Set Realnead9673's spawn point to (-801, 68, -1106)]
[01:29:15] [Server thread/INFO]: [@: Set Ryuoniha120218's spawn point to (-801, 68, -1106)]
[01:29:15] [Server thread/INFO]: [@] 〜最果ての遺跡〜
[01:29:16] [Server thread/INFO]: [@] アスタルテ「！！    敵襲よ！すごい数。彼らアーサーの円卓の騎士達だわ。」
[01:29:17] [Server thread/INFO]: [@: Object successfully summoned]
[01:29:17] [Server thread/INFO]: [@: Object successfully summoned]
[01:29:17] [Server thread/INFO]: [@: Object successfully summoned]
[01:29:17] [Server thread/INFO]: [@: Object successfully summoned]
[01:29:17] [Server thread/INFO]: [@: Object successfully summoned]
[01:29:17] [Server thread/INFO]: [@: Object successfully summoned]
[01:29:17] [Server thread/INFO]: [@: Object successfully summoned]
[01:29:17] [Server thread/INFO]: [@: Object successfully summoned]
[01:29:17] [Server thread/INFO]: [@: Object successfully summoned]
[01:29:18] [Server thread/INFO]: [@: Object successfully summoned]
[01:29:18] [Server thread/INFO]: [@: Object successfully summoned]
[01:29:18] [Server thread/INFO]: [@: Object successfully summoned]
[01:29:18] [Server thread/INFO]: [@: Object successfully summoned]
[01:29:18] [Server thread/INFO]: [@: Object successfully summoned]
[01:29:18] [Server thread/INFO]: [@: Object successfully summoned]
[01:29:21] [Server thread/INFO]: [@] アスタルテ「ここであまり力は使いたくなかったけれど、しかたがないわ。今増援を送るわね。」
[01:29:21] [Server thread/INFO]: [@: Object successfully summoned]
[01:29:21] [Server thread/INFO]: [@: Object successfully summoned]
[01:29:32] [Server thread/INFO]: oiipyy withered away
[01:29:38] [Server thread/INFO]: Ryuoniha120218 was slain by 円卓の騎士の魂
[01:30:13] [Server thread/INFO]: Ninzin_sanji was slain by アスタルテの護衛
[01:30:46] [Server thread/INFO]: [@: Played sound 'mob.wither.idle' to Ninzin_sanji]
[01:30:46] [Server thread/INFO]: [@: Played sound 'mob.wither.idle' to Ryuoniha120218]
[01:30:46] [Server thread/INFO]: [@: Played sound 'mob.wither.idle' to oiipyy]
[01:30:46] [Server thread/INFO]: [@: Played sound 'mob.wither.idle' to NatunoMETEOR]
[01:30:46] [Server thread/INFO]: [@: Played sound 'mob.wither.idle' to Realnead9673]
[01:30:46] [Server thread/INFO]: [@: Played sound 'mob.wither.idle' to Ryuoniha120218]
[01:30:46] [Server thread/INFO]: [@: Played sound 'mob.wither.idle' to Ninzin_sanji]
[01:30:46] [Server thread/INFO]: [@: Played sound 'mob.wither.idle' to oiipyy]
[01:30:46] [Server thread/INFO]: [@: Played sound 'mob.wither.idle' to NatunoMETEOR]
[01:30:46] [Server thread/INFO]: [@: Played sound 'mob.wither.idle' to Realnead9673]
[01:30:47] [Server thread/INFO]: [@: Played sound 'mob.wither.idle' to Ninzin_sanji]
[01:30:47] [Server thread/INFO]: [@: Played sound 'mob.wither.idle' to Ryuoniha120218]
[01:30:47] [Server thread/INFO]: [@: Played sound 'mob.wither.idle' to oiipyy]
[01:30:47] [Server thread/INFO]: [@: Played sound 'mob.wither.idle' to Realnead9673]
[01:30:47] [Server thread/INFO]: [@: Played sound 'mob.wither.idle' to NatunoMETEOR]
[01:30:47] [Server thread/INFO]: [@] アスタルテ「アハ・・・アハハハハハハハハ！！」
[01:30:47] [Server thread/INFO]: [@: Block placed]
[01:30:51] [Server thread/INFO]: [@: Played sound 'mob.wither.idle' to oiipyy]
[01:30:51] [Server thread/INFO]: [@: Played sound 'mob.wither.idle' to Ryuoniha120218]
[01:30:51] [Server thread/INFO]: [@: Played sound 'mob.wither.idle' to Realnead9673]
[01:30:51] [Server thread/INFO]: [@: Played sound 'mob.wither.idle' to NatunoMETEOR]
[01:30:51] [Server thread/INFO]: [@: Played sound 'mob.wither.idle' to Ninzin_sanji]
[01:30:51] [Server thread/INFO]: [@] アスタルテ「生身の肉体・・・久しぶりだわ！！この感覚！！」
[01:30:56] [Server thread/INFO]: [@: Played sound 'mob.wither.idle' to NatunoMETEOR]
[01:30:56] [Server thread/INFO]: [@: Played sound 'mob.wither.idle' to oiipyy]
[01:30:56] [Server thread/INFO]: [@: Played sound 'mob.wither.idle' to Realnead9673]
[01:30:56] [Server thread/INFO]: [@: Played sound 'mob.wither.idle' to Ryuoniha120218]
[01:30:56] [Server thread/INFO]: [@: Played sound 'mob.wither.idle' to Ninzin_sanji]
[01:30:56] [Server thread/INFO]: [@] アスタルテ「アハハ！！とっても愉快！！何をして遊ぼうかしら？アハハハハ！！」
[01:31:02] [Server thread/INFO]: [@] アーサー「むう・・・遅かったか・・・」
[01:31:06] [Server thread/INFO]: [@] アーサー「そこの者！！ここは危険だ！！私の魔力で一旦ここから離脱するぞ！！」
[01:31:10] [Server thread/INFO]: [@: Teleported NatunoMETEOR to 286.5,69.5,-121.5]
[01:31:10] [Server thread/INFO]: [@: Teleported oiipyy to 286.5,69.5,-121.5]
[01:31:10] [Server thread/INFO]: [@: Teleported Ryuoniha120218 to 286.5,69.5,-121.5]
[01:31:10] [Server thread/INFO]: [@: Teleported Ninzin_sanji to 286.5,69.5,-121.5]
[01:31:10] [Server thread/INFO]: [@: Teleported Realnead9673 to 286.5,69.5,-121.5]
[01:31:10] [Server thread/INFO]: [@] ~アスタルテの部屋~
[01:31:13] [Server thread/INFO]: [@] アーサー「気がついたか。アスタルテの下僕の若者よ。」
[01:31:13] [Server thread/INFO]: [@: Set Ninzin_sanji's spawn point to (286, 69, -122)]
[01:31:13] [Server thread/INFO]: [@: Set oiipyy's spawn point to (286, 69, -122)]
[01:31:13] [Server thread/INFO]: [@: Set Ryuoniha120218's spawn point to (286, 69, -122)]
[01:31:13] [Server thread/INFO]: [@: Set Realnead9673's spawn point to (286, 69, -122)]
[01:31:13] [Server thread/INFO]: [@: Set NatunoMETEOR's spawn point to (286, 69, -122)]
[01:31:19] [Server thread/INFO]: [@] アーサー「君はアスタルテ、否、ウィザーを現世に復活させてしまった。」
[01:31:26] [Server thread/INFO]: [@] アーサー「ウィザーとは、かつて、雪の大国を滅ぼした魔竜の名だ。」
[01:31:29] [Server thread/INFO]: [@: Set Ninzin_sanji's spawn point to (284, 69, -121)]
[01:31:31] [Server thread/INFO]: [@] アーサー「ウィザー、否、アスタルテは、過去に私の貪欲が作り出してしまった罪だ。」
[01:31:37] [Server thread/INFO]: [@] アーサー「罪を作り出してしまった私は罪深い。だが罪そのものは何の非もない、純粋無垢だ。」
[01:31:43] [Server thread/INFO]: [@] アーサー「私は魔力を使い過ぎた、今の私に多くを語る時間は残されていない・・・」
[01:31:49] [Server thread/INFO]: [@] アーサー「アスタルテのこと、私の罪のことについては宝箱の中の書物に記しておいた。」
[01:31:58] [Server thread/INFO]: [@] アーサー「どうか、君の手で、アスタルテを眠りにつかせてほしい・・・」
[01:32:00] [Server thread/INFO]: [@: Set Ryuoniha120218's spawn point to (285, 69, -121)]
[01:32:05] [Server thread/INFO]: [@: Set oiipyy's spawn point to (285, 69, -121)]
[01:32:07] [Server thread/INFO]: [@] アーサー「私はもうこの世には留まれぬ。アスタルテのことは頼んだぞ・・」
[01:32:52] [Server thread/INFO]: Ryuoniha120218 was slain by NatunoMETEOR
[01:32:54] [Server thread/INFO]: NatunoMETEOR was burnt to a crisp whilst fighting Ryuoniha120218
[01:33:31] [Server thread/INFO]: Ninzin_sanji was slain by oiipyy using [エクスカリバー]
[01:33:37] [Server thread/INFO]: Ryuoniha120218 was slain by Ninzin_sanji
[01:33:40] [Server thread/INFO]: oiipyy was slain by Ryuoniha120218 using [フレイムソード]
[01:33:45] [Server thread/INFO]: Ninzin_sanji was slain by oiipyy using [エクスカリバー]
[01:33:48] [Server thread/INFO]: Ryuoniha120218 was slain by oiipyy using [エクスカリバー]
[01:33:52] [Server thread/INFO]: oiipyy was slain by Ninzin_sanji
[01:33:53] [Server thread/INFO]: Ninzin_sanji was slain by Ryuoniha120218 using [フレイムソード]
[01:33:59] [Server thread/INFO]: Ryuoniha120218 was slain by oiipyy using [エクスカリバー]
[01:34:06] [Server thread/INFO]: Ryuoniha120218 was slain by oiipyy using [エクスカリバー]
[01:34:12] [Server thread/INFO]: oiipyy was slain by Ryuoniha120218 using [フレイムソード]
[01:34:41] [Server thread/INFO]: <NatunoMETEOR> hawomigaitekimasu
[01:35:09] [Server thread/INFO]: Ryuoniha120218 was shot by oiipyy
[01:35:24] [Server thread/INFO]: Ryuoniha120218 was slain by oiipyy using [エクスカリバー]
[01:35:36] [Server thread/INFO]: Ryuoniha120218 was slain by oiipyy using [エクスカリバー]
[01:35:39] [Server thread/INFO]: oiipyy was burnt to a crisp whilst fighting Ryuoniha120218
[01:35:46] [Server thread/INFO]: Ryuoniha120218 was burnt to a crisp whilst fighting oiipyy
[01:36:46] [Server thread/INFO]: <NatunoMETEOR> tadaima
[01:37:49] [Server thread/INFO]: [Realnead9673: Teleported Realnead9673 to Realnead9673]
[01:37:49] [Server thread/INFO]: [Realnead9673: Teleported Ryuoniha120218 to Realnead9673]
[01:37:49] [Server thread/INFO]: [Realnead9673: Teleported Ninzin_sanji to Realnead9673]
[01:37:49] [Server thread/INFO]: [Realnead9673: Teleported oiipyy to Realnead9673]
[01:37:49] [Server thread/INFO]: [Realnead9673: Teleported NatunoMETEOR to Realnead9673]
[01:38:04] [Server thread/INFO]: [Realnead9673: Set own game mode to Creative Mode]
[01:38:41] [Server thread/INFO]: [@: Set Ryuoniha120218's spawn point to (282, 69, -121)]
[01:40:50] [Server thread/INFO]: [@: Teleported Realnead9673 to 231.5,13.5,-49.5]
[01:40:50] [Server thread/INFO]: [@: Teleported Ninzin_sanji to 231.5,13.5,-49.5]
[01:40:50] [Server thread/INFO]: [@: Teleported NatunoMETEOR to 231.5,13.5,-49.5]
[01:40:50] [Server thread/INFO]: [@: Teleported Ryuoniha120218 to 231.5,13.5,-49.5]
[01:40:50] [Server thread/INFO]: [@: Teleported oiipyy to 231.5,13.5,-49.5]
[01:40:50] [Server thread/INFO]: [@] アーサー「ゆくぞ？ 覚悟は良いな？」
[01:40:54] [Server thread/INFO]: [@: Played sound 'mob.wither.idle' to NatunoMETEOR]
[01:40:54] [Server thread/INFO]: [@: Played sound 'mob.wither.idle' to Realnead9673]
[01:40:54] [Server thread/INFO]: [@: Played sound 'mob.wither.idle' to Ryuoniha120218]
[01:40:54] [Server thread/INFO]: [@: Played sound 'mob.wither.idle' to oiipyy]
[01:40:54] [Server thread/INFO]: [@: Played sound 'mob.wither.idle' to Ninzin_sanji]
[01:40:54] [Server thread/INFO]: [@] アスタルテ「アハ・・・アハハハハハハ・・・」
[01:41:00] [Server thread/INFO]: [@: Played sound 'mob.wither.idle' to Ryuoniha120218]
[01:41:00] [Server thread/INFO]: [@: Played sound 'mob.wither.idle' to Ninzin_sanji]
[01:41:00] [Server thread/INFO]: [@: Played sound 'mob.wither.idle' to NatunoMETEOR]
[01:41:00] [Server thread/INFO]: [@: Played sound 'mob.wither.idle' to Realnead9673]
[01:41:00] [Server thread/INFO]: [@: Played sound 'mob.wither.idle' to oiipyy]
[01:41:00] [Server thread/INFO]: [@] アスタルテ「今まで騙しててごめんなさい。ありがとう旅人さん。」
[01:41:04] [Server thread/INFO]: [Realnead9673: Set own game mode to Adventure Mode]
[01:41:04] [Server thread/INFO]: [Realnead9673: Set Ninzin_sanji's game mode to Adventure Mode]
[01:41:04] [Server thread/INFO]: [Realnead9673: Set Ryuoniha120218's game mode to Adventure Mode]
[01:41:04] [Server thread/INFO]: [Realnead9673: Set oiipyy's game mode to Adventure Mode]
[01:41:04] [Server thread/INFO]: [Realnead9673: Set NatunoMETEOR's game mode to Adventure Mode]
[01:41:05] [Server thread/INFO]: [@: Played sound 'mob.wither.idle' to oiipyy]
[01:41:05] [Server thread/INFO]: [@: Played sound 'mob.wither.idle' to Realnead9673]
[01:41:05] [Server thread/INFO]: [@: Played sound 'mob.wither.idle' to Ryuoniha120218]
[01:41:05] [Server thread/INFO]: [@: Played sound 'mob.wither.idle' to Ninzin_sanji]
[01:41:05] [Server thread/INFO]: [@: Played sound 'mob.wither.idle' to NatunoMETEOR]
[01:41:05] [Server thread/INFO]: [@] アスタルテ「あなたとの旅、とっても楽しかったわ。」
[01:41:14] [Server thread/INFO]: [@: Played sound 'mob.wither.idle' to oiipyy]
[01:41:14] [Server thread/INFO]: [@: Played sound 'mob.wither.idle' to NatunoMETEOR]
[01:41:14] [Server thread/INFO]: [@: Played sound 'mob.wither.idle' to Ninzin_sanji]
[01:41:14] [Server thread/INFO]: [@: Played sound 'mob.wither.idle' to Ryuoniha120218]
[01:41:14] [Server thread/INFO]: [@: Played sound 'mob.wither.idle' to Realnead9673]
[01:41:14] [Server thread/INFO]: [@] アスタルテ「旅人さん・・・私どうしてもわからない・・・・どうして皆、私のことを怖がるの？」
[01:41:19] [Server thread/INFO]: [@: Played sound 'mob.wither.idle' to Realnead9673]
[01:41:19] [Server thread/INFO]: [@: Played sound 'mob.wither.idle' to Ninzin_sanji]
[01:41:19] [Server thread/INFO]: [@: Played sound 'mob.wither.idle' to Ryuoniha120218]
[01:41:19] [Server thread/INFO]: [@: Played sound 'mob.wither.idle' to NatunoMETEOR]
[01:41:19] [Server thread/INFO]: [@: Played sound 'mob.wither.idle' to oiipyy]
[01:41:19] [Server thread/INFO]: [@] アスタルテ「ナぜ皆、私をこの世から消そうとするノ？」
[01:41:26] [Server thread/INFO]: [@: Played sound 'mob.wither.idle' to Realnead9673]
[01:41:26] [Server thread/INFO]: [@: Played sound 'mob.wither.idle' to Ninzin_sanji]
[01:41:26] [Server thread/INFO]: [@: Played sound 'mob.wither.idle' to oiipyy]
[01:41:26] [Server thread/INFO]: [@: Played sound 'mob.wither.idle' to Ryuoniha120218]
[01:41:26] [Server thread/INFO]: [@: Played sound 'mob.wither.idle' to NatunoMETEOR]
[01:41:26] [Server thread/INFO]: [@] アスタルテ「ワタシハ皆のためニ、生まれてキたはずなのに・・・」
[01:41:33] [Server thread/INFO]: [@: Played sound 'mob.wither.idle' to Realnead9673]
[01:41:33] [Server thread/INFO]: [@: Played sound 'mob.wither.idle' to Ninzin_sanji]
[01:41:33] [Server thread/INFO]: [@: Played sound 'mob.wither.idle' to oiipyy]
[01:41:33] [Server thread/INFO]: [@: Played sound 'mob.wither.idle' to Ryuoniha120218]
[01:41:33] [Server thread/INFO]: [@: Played sound 'mob.wither.idle' to NatunoMETEOR]
[01:41:33] [Server thread/INFO]: [@] アスタルテ「ミンナノタメニ生ミ出さレた力のハズなのニ・・・」
[01:41:37] [Server thread/INFO]: [@: Played sound 'mob.wither.idle' to Realnead9673]
[01:41:37] [Server thread/INFO]: [@: Played sound 'mob.wither.idle' to oiipyy]
[01:41:37] [Server thread/INFO]: [@: Played sound 'mob.wither.idle' to Ryuoniha120218]
[01:41:37] [Server thread/INFO]: [@: Played sound 'mob.wither.idle' to Ninzin_sanji]
[01:41:37] [Server thread/INFO]: [@: Played sound 'mob.wither.idle' to NatunoMETEOR]
[01:41:37] [Server thread/INFO]: [@] アスタルテ「皆と一緒に生きられないのなら、どうせ消されてしまうのなら」
[01:41:42] [Server thread/INFO]: [@: Played sound 'mob.wither.idle' to Ninzin_sanji]
[01:41:42] [Server thread/INFO]: [@: Played sound 'mob.wither.idle' to Realnead9673]
[01:41:42] [Server thread/INFO]: [@: Played sound 'mob.wither.idle' to Ryuoniha120218]
[01:41:42] [Server thread/INFO]: [@: Played sound 'mob.wither.idle' to oiipyy]
[01:41:42] [Server thread/INFO]: [@: Played sound 'mob.wither.idle' to NatunoMETEOR]
[01:41:42] [Server thread/INFO]: [@] アスタルテ「皆いっしょに消えてしまえばいいのよ！！」
[01:41:47] [Server thread/INFO]: [@: Played sound 'mob.wither.idle' to Ninzin_sanji]
[01:41:47] [Server thread/INFO]: [@: Played sound 'mob.wither.idle' to oiipyy]
[01:41:47] [Server thread/INFO]: [@: Played sound 'mob.wither.idle' to Ryuoniha120218]
[01:41:47] [Server thread/INFO]: [@: Played sound 'mob.wither.idle' to Realnead9673]
[01:41:47] [Server thread/INFO]: [@: Played sound 'mob.wither.idle' to NatunoMETEOR]
[01:41:47] [Server thread/INFO]: [@] アスタルテ「旅人さん。」
[01:41:54] [Server thread/INFO]: [@: Played sound 'mob.wither.idle' to Ninzin_sanji]
[01:41:54] [Server thread/INFO]: [@: Played sound 'mob.wither.idle' to oiipyy]
[01:41:54] [Server thread/INFO]: [@: Played sound 'mob.wither.idle' to Ryuoniha120218]
[01:41:54] [Server thread/INFO]: [@: Played sound 'mob.wither.idle' to Realnead9673]
[01:41:54] [Server thread/INFO]: [@: Played sound 'mob.wither.idle' to NatunoMETEOR]
[01:41:54] [Server thread/INFO]: [@] アスタルテ「・・・・・心の、どこかで、分かってた。信じてた。旅人さんなら、私を、止めに来るって。」
[01:42:02] [Server thread/INFO]: [@: Played sound 'mob.wither.idle' to Ryuoniha120218]
[01:42:02] [Server thread/INFO]: [@: Played sound 'mob.wither.idle' to NatunoMETEOR]
[01:42:02] [Server thread/INFO]: [@: Played sound 'mob.wither.idle' to Ninzin_sanji]
[01:42:02] [Server thread/INFO]: [@: Played sound 'mob.wither.idle' to oiipyy]
[01:42:02] [Server thread/INFO]: [@: Played sound 'mob.wither.idle' to Realnead9673]
[01:42:02] [Server thread/INFO]: [@] アスタルテ「終わりにしましょう・・・・・・・すべてを。」
[01:42:06] [Server thread/INFO]: [@: Set NatunoMETEOR's spawn point to (155, 11, -50)]
[01:42:08] [Server thread/INFO]: [@: Set the time to 1000]
[01:42:08] [Server thread/INFO]: [@: Teleported Realnead9673 to -800.5,66.5,-1105.5]
[01:42:08] [Server thread/INFO]: [@: Teleported Ninzin_sanji to -800.5,66.5,-1105.5]
[01:42:08] [Server thread/INFO]: [@: Teleported Ryuoniha120218 to -800.5,66.5,-1105.5]
[01:42:08] [Server thread/INFO]: [@: Teleported NatunoMETEOR to -800.5,66.5,-1105.5]
[01:42:08] [Server thread/INFO]: [@: Teleported oiipyy to -800.5,66.5,-1105.5]
[01:42:20] [Server thread/INFO]: [Realnead9673: Teleported Realnead9673 to Realnead9673]
[01:42:20] [Server thread/INFO]: [Realnead9673: Teleported Ninzin_sanji to Realnead9673]
[01:42:20] [Server thread/INFO]: [Realnead9673: Teleported NatunoMETEOR to Realnead9673]
[01:42:20] [Server thread/INFO]: [Realnead9673: Teleported Ryuoniha120218 to Realnead9673]
[01:42:20] [Server thread/INFO]: [Realnead9673: Teleported oiipyy to Realnead9673]
[01:42:44] [Server thread/INFO]: NatunoMETEOR lost connection: TextComponent{text='Disconnected', siblings=[], style=Style{hasParent=false, color=null, bold=null, italic=null, underlined=null, obfuscated=null, clickEvent=null, hoverEvent=null}}
[01:42:44] [Server thread/INFO]: NatunoMETEOR left the game
[01:42:50] [Server thread/INFO]: Ryuoniha120218 lost connection: TextComponent{text='Disconnected', siblings=[], style=Style{hasParent=false, color=null, bold=null, italic=null, underlined=null, obfuscated=null, clickEvent=null, hoverEvent=null}}
[01:42:50] [Server thread/INFO]: Ryuoniha120218 left the game
[01:42:53] [User Authenticator #22/INFO]: UUID of player NatunoMETEOR is f6262a801687453ea6056bd5e174ac87
[01:42:53] [Server thread/INFO]: NatunoMETEOR[/25.12.163.51:49914] logged in with entity id 185612 at (-800.7360188632732, 66.02799997925757, -1087.263139398405)
[01:42:53] [Server thread/INFO]: NatunoMETEOR joined the game
[01:43:02] [User Authenticator #23/INFO]: UUID of player Ryuoniha120218 is d2acf408503e43d28b23383064c27e9e
[01:43:02] [Server thread/INFO]: Ryuoniha120218[/25.12.131.59:56103] logged in with entity id 185771 at (-799.5283189124042, 66.0, -1102.47882652955)
[01:43:02] [Server thread/INFO]: Ryuoniha120218 joined the game
[01:43:55] [Server thread/INFO]: Ninzin_sanji lost connection: TextComponent{text='Disconnected', siblings=[], style=Style{hasParent=false, color=null, bold=null, italic=null, underlined=null, obfuscated=null, clickEvent=null, hoverEvent=null}}
[01:43:55] [Server thread/INFO]: Ninzin_sanji left the game
[01:44:01] [Server thread/INFO]: [@] アスタルテ「旅人さん。  ありがとう。 」
[01:44:04] [User Authenticator #24/INFO]: UUID of player Ninzin_sanji is 34a4e063ac20451aafc1bc5b0ca615f3
[01:44:04] [Server thread/INFO]: Ninzin_sanji[/25.38.34.145:52935] logged in with entity id 187869 at (-807.1641904500766, 66.0, -1089.4919382044397)
[01:44:04] [Server thread/INFO]: Ninzin_sanji joined the game
[01:44:04] [Server thread/INFO]: [@: Teleported NatunoMETEOR to 239.5,126.5,-212.5]
[01:44:04] [Server thread/INFO]: [@: Teleported Realnead9673 to 239.5,126.5,-212.5]
[01:44:04] [Server thread/INFO]: [@: Teleported oiipyy to 239.5,126.5,-212.5]
[01:44:04] [Server thread/INFO]: [@: Teleported Ryuoniha120218 to 239.5,126.5,-212.5]
[01:44:04] [Server thread/INFO]: [@: Teleported Ninzin_sanji to 239.5,126.5,-212.5]
[01:44:52] [Server thread/INFO]: [@: Set NatunoMETEOR's game mode to Survival Mode]
[01:44:55] [Server thread/INFO]: [@: Set NatunoMETEOR's game mode to Creative Mode]
[01:45:24] [Server thread/INFO]: [Realnead9673: Set own game mode to Creative Mode]
[01:45:51] [Server thread/INFO]: Ryuoniha120218 lost connection: TextComponent{text='Disconnected', siblings=[], style=Style{hasParent=false, color=null, bold=null, italic=null, underlined=null, obfuscated=null, clickEvent=null, hoverEvent=null}}
[01:45:51] [Server thread/INFO]: Ryuoniha120218 left the game
[01:46:00] [User Authenticator #25/INFO]: UUID of player Ryuoniha120218 is d2acf408503e43d28b23383064c27e9e
[01:46:00] [Server thread/INFO]: Ryuoniha120218[/25.12.131.59:56115] logged in with entity id 212820 at (243.687918447618, 136.0, -231.73179392224444)
[01:46:00] [Server thread/INFO]: Ryuoniha120218 joined the game
[01:46:51] [Server thread/INFO]: NatunoMETEOR lost connection: TextComponent{text='Disconnected', siblings=[], style=Style{hasParent=false, color=null, bold=null, italic=null, underlined=null, obfuscated=null, clickEvent=null, hoverEvent=null}}
[01:46:51] [Server thread/INFO]: NatunoMETEOR left the game
[01:47:00] [User Authenticator #26/INFO]: UUID of player NatunoMETEOR is f6262a801687453ea6056bd5e174ac87
[01:47:00] [Server thread/INFO]: NatunoMETEOR[/25.12.163.51:49956] logged in with entity id 224628 at (235.69999998807913, 147.86435598122193, -223.28390157892468)
[01:47:00] [Server thread/INFO]: NatunoMETEOR joined the game
[01:47:32] [Server thread/INFO]: [Realnead9673: Teleported Realnead9673 to Realnead9673]
[01:47:32] [Server thread/INFO]: [Realnead9673: Teleported Ninzin_sanji to Realnead9673]
[01:47:32] [Server thread/INFO]: [Realnead9673: Teleported NatunoMETEOR to Realnead9673]
[01:47:32] [Server thread/INFO]: [Realnead9673: Teleported Ryuoniha120218 to Realnead9673]
[01:47:32] [Server thread/INFO]: [Realnead9673: Teleported oiipyy to Realnead9673]
[01:48:37] [Server thread/INFO]: [Realnead9673: Set own game mode to Survival Mode]
[01:48:37] [Server thread/INFO]: [Realnead9673: Set Ryuoniha120218's game mode to Survival Mode]
[01:48:37] [Server thread/INFO]: [Realnead9673: Set oiipyy's game mode to Survival Mode]
[01:48:37] [Server thread/INFO]: [Realnead9673: Set Ninzin_sanji's game mode to Survival Mode]
[01:48:37] [Server thread/INFO]: [Realnead9673: Set NatunoMETEOR's game mode to Survival Mode]
[01:48:45] [Server thread/INFO]: [Realnead9673: Set own game mode to Creative Mode]
[01:48:56] [Server thread/INFO]: Ninzin_sanji was slain by NatunoMETEOR using [エクスカリバー]
[01:48:57] [Server thread/INFO]: Ryuoniha120218 was slain by oiipyy using [エクスカリバー]
[01:48:57] [Server thread/INFO]: oiipyy was slain by Ryuoniha120218 using [エクスカリバー]
[01:49:01] [Server thread/INFO]: [@: Teleported Ninzin_sanji to 231.5,13.5,-49.5]
[01:49:01] [Server thread/INFO]: [@: Teleported Ryuoniha120218 to 231.5,13.5,-49.5]
[01:49:01] [Server thread/INFO]: [@: Teleported oiipyy to 231.5,13.5,-49.5]
[01:49:01] [Server thread/INFO]: [@: Teleported NatunoMETEOR to 231.5,13.5,-49.5]
[01:49:01] [Server thread/INFO]: [@: Teleported Realnead9673 to 231.5,13.5,-49.5]
[01:49:01] [Server thread/INFO]: [@] アーサー「ゆくぞ？ 覚悟は良いな？」
[01:49:15] [Server thread/INFO]: [@: Set the time to 1000]
[01:49:15] [Server thread/INFO]: [@: Teleported Realnead9673 to -800.5,66.5,-1105.5]
[01:49:15] [Server thread/INFO]: [@: Teleported Ninzin_sanji to -800.5,66.5,-1105.5]
[01:49:15] [Server thread/INFO]: [@: Teleported Ryuoniha120218 to -800.5,66.5,-1105.5]
[01:49:15] [Server thread/INFO]: [@: Teleported oiipyy to -800.5,66.5,-1105.5]
[01:49:15] [Server thread/INFO]: [@: Teleported NatunoMETEOR to -800.5,66.5,-1105.5]
[01:50:36] [Server thread/INFO]: [NatunoMETEOR: Set own game mode to Creative Mode]
[01:50:44] [Server thread/INFO]: [Realnead9673: Set own game mode to Survival Mode]
[01:50:44] [Server thread/INFO]: [Realnead9673: Set Ninzin_sanji's game mode to Survival Mode]
[01:50:44] [Server thread/INFO]: [Realnead9673: Set Ryuoniha120218's game mode to Survival Mode]
[01:50:44] [Server thread/INFO]: [Realnead9673: Set oiipyy's game mode to Survival Mode]
[01:50:44] [Server thread/INFO]: [Realnead9673: Set NatunoMETEOR's game mode to Survival Mode]
[01:51:59] [Server thread/INFO]: [@] アスタルテ「旅人さん。  ありがとう。 」
[01:52:02] [Server thread/INFO]: [@: Teleported NatunoMETEOR to 239.5,126.5,-212.5]
[01:52:02] [Server thread/INFO]: [@: Teleported Realnead9673 to 239.5,126.5,-212.5]
[01:52:02] [Server thread/INFO]: [@: Teleported Ninzin_sanji to 239.5,126.5,-212.5]
[01:52:02] [Server thread/INFO]: [@: Teleported oiipyy to 239.5,126.5,-212.5]
[01:52:02] [Server thread/INFO]: [@: Teleported Ryuoniha120218 to 239.5,126.5,-212.5]
[01:52:07] [Server thread/INFO]: [@: Set NatunoMETEOR's game mode to Creative Mode]
[01:52:17] [Server thread/INFO]: [@: Teleported Ryuoniha120218 to -657.5,156.5,-599.5]
[01:52:21] [Server thread/INFO]: [Realnead9673: Set own game mode to Creative Mode]
[01:52:21] [Server thread/INFO]: [Realnead9673: Set NatunoMETEOR's game mode to Creative Mode]
[01:52:21] [Server thread/INFO]: [Realnead9673: Set Ninzin_sanji's game mode to Creative Mode]
[01:52:21] [Server thread/INFO]: [Realnead9673: Set oiipyy's game mode to Creative Mode]
[01:52:21] [Server thread/INFO]: [Realnead9673: Set Ryuoniha120218's game mode to Creative Mode]
[01:54:59] [Server thread/INFO]: [NatunoMETEOR: Set own game mode to Creative Mode]
[01:55:12] [Server thread/INFO]: [NatunoMETEOR: Teleported Ryuoniha120218 to NatunoMETEOR]
[01:55:47] [Server thread/INFO]: [NatunoMETEOR: Set Ryuoniha120218's game mode to Survival Mode]
[01:56:02] [Server thread/INFO]: [NatunoMETEOR: Set Ryuoniha120218's game mode to Creative Mode]
[01:58:19] [Server thread/INFO]: [Realnead9673: Took all effects from Ryuoniha120218]
[01:58:19] [Server thread/INFO]: [Realnead9673: Took all effects from oiipyy]
[01:59:03] [Server thread/INFO]: Realnead9673 lost connection: TextComponent{text='Disconnected', siblings=[], style=Style{hasParent=false, color=null, bold=null, italic=null, underlined=null, obfuscated=null, clickEvent=null, hoverEvent=null}}
[01:59:03] [Server thread/INFO]: Realnead9673 left the game
[01:59:15] [Server thread/INFO]: oiipyy lost connection: TextComponent{text='Disconnected', siblings=[], style=Style{hasParent=false, color=null, bold=null, italic=null, underlined=null, obfuscated=null, clickEvent=null, hoverEvent=null}}
[01:59:15] [Server thread/INFO]: oiipyy left the game
[01:59:22] [Server thread/INFO]: Stopping the server
[01:59:22] [Server thread/INFO]: Stopping server
[01:59:22] [Server thread/INFO]: Saving players
[01:59:22] [Server thread/INFO]: Saving worlds
[01:59:22] [Server thread/INFO]: Saving chunks for level 'world'/Overworld
[01:59:22] [Server thread/INFO]: Saving chunks for level 'world'/Nether
[01:59:22] [Server thread/INFO]: Saving chunks for level 'world'/The End
[01:59:23] [Server Shutdown Thread/INFO]: Stopping server
[01:59:23] [Server Shutdown Thread/INFO]: Saving players
